[debug] [2020-12-16T07:36:27.219Z] ----------------------------------------------------------------------
[debug] [2020-12-16T07:36:27.221Z] Command:       /usr/local/bin/node /usr/local/bin/firebase deploy --only functions
[debug] [2020-12-16T07:36:27.221Z] CLI Version:   9.0.0
[debug] [2020-12-16T07:36:27.221Z] Platform:      darwin
[debug] [2020-12-16T07:36:27.221Z] Node Version:  v12.18.2
[debug] [2020-12-16T07:36:27.222Z] Time:          Wed Dec 16 2020 00:36:27 GMT-0700 (Mountain Standard Time)
[debug] [2020-12-16T07:36:27.223Z] ----------------------------------------------------------------------
[debug] [2020-12-16T07:36:27.223Z] 
[debug] [2020-12-16T07:36:27.230Z] > command requires scopes: ["email","openid","https://www.googleapis.com/auth/cloudplatformprojects.readonly","https://www.googleapis.com/auth/firebase","https://www.googleapis.com/auth/cloud-platform"]
[debug] [2020-12-16T07:36:27.231Z] > authorizing via signed-in user
[debug] [2020-12-16T07:36:27.231Z] [iam] checking project budget-app-89e6d for permissions ["cloudfunctions.functions.create","cloudfunctions.functions.delete","cloudfunctions.functions.get","cloudfunctions.functions.list","cloudfunctions.functions.update","cloudfunctions.operations.get","firebase.projects.get"]
[debug] [2020-12-16T07:36:27.234Z] >>> HTTP REQUEST POST https://cloudresourcemanager.googleapis.com/v1/projects/budget-app-89e6d:testIamPermissions  
 {"permissions":["cloudfunctions.functions.create","cloudfunctions.functions.delete","cloudfunctions.functions.get","cloudfunctions.functions.list","cloudfunctions.functions.update","cloudfunctions.operations.get","firebase.projects.get"]}
[debug] [2020-12-16T07:36:27.382Z] <<< HTTP RESPONSE 200 {"content-type":"application/json; charset=UTF-8","vary":"X-Origin, Referer, Origin,Accept-Encoding","date":"Wed, 16 Dec 2020 07:36:27 GMT","server":"ESF","cache-control":"private","x-xss-protection":"0","x-frame-options":"SAMEORIGIN","x-content-type-options":"nosniff","server-timing":"gfet4t7; dur=43","alt-svc":"h3-29=\":443\"; ma=2592000,h3-T051=\":443\"; ma=2592000,h3-Q050=\":443\"; ma=2592000,h3-Q046=\":443\"; ma=2592000,h3-Q043=\":443\"; ma=2592000,quic=\":443\"; ma=2592000; v=\"46,43\"","accept-ranges":"none","transfer-encoding":"chunked"}
[debug] [2020-12-16T07:36:27.383Z] >>> HTTP REQUEST POST https://iam.googleapis.com/v1/projects/budget-app-89e6d/serviceAccounts/budget-app-89e6d@appspot.gserviceaccount.com:testIamPermissions  
 {"permissions":["iam.serviceAccounts.actAs"]}
[debug] [2020-12-16T07:36:27.553Z] <<< HTTP RESPONSE 200 {"content-type":"application/json; charset=UTF-8","vary":"X-Origin, Referer, Origin,Accept-Encoding","date":"Wed, 16 Dec 2020 07:36:27 GMT","server":"ESF","cache-control":"private","x-xss-protection":"0","x-frame-options":"SAMEORIGIN","x-content-type-options":"nosniff","alt-svc":"h3-29=\":443\"; ma=2592000,h3-T051=\":443\"; ma=2592000,h3-Q050=\":443\"; ma=2592000,h3-Q046=\":443\"; ma=2592000,h3-Q043=\":443\"; ma=2592000,quic=\":443\"; ma=2592000; v=\"46,43\"","accept-ranges":"none","transfer-encoding":"chunked"}
[info] 
[info] === Deploying to 'budget-app-89e6d'...
[info] 
[info] i  deploying functions 
[info] Running command: npm --prefix "$RESOURCE_DIR" run lint
[info] ✔  functions: Finished running predeploy script. 
[debug] [2020-12-16T07:36:31.263Z] > [functions] package.json contents: {
  "name": "functions",
  "description": "Cloud Functions for Firebase",
  "scripts": {
    "lint": "eslint .",
    "serve": "firebase emulators:start --only functions",
    "shell": "firebase functions:shell",
    "start": "npm run shell",
    "deploy": "firebase deploy --only functions",
    "logs": "firebase functions:log"
  },
  "engines": {
    "node": "12"
  },
  "main": "index.js",
  "dependencies": {
    "firebase-admin": "^9.2.0",
    "firebase-functions": "^3.11.0"
  },
  "devDependencies": {
    "eslint": "^5.12.0",
    "eslint-plugin-promise": "^4.0.1",
    "firebase-functions-test": "^0.2.0"
  },
  "private": true
}
[info] i  functions: ensuring required API cloudfunctions.googleapis.com is enabled... 
[info] i  functions: ensuring required API cloudbuild.googleapis.com is enabled... 
[debug] [2020-12-16T07:36:32.321Z] >>> HTTP REQUEST GET https://serviceusage.googleapis.com/v1/projects/budget-app-89e6d/services/cloudfunctions.googleapis.com  
 
[debug] [2020-12-16T07:36:32.322Z] >>> HTTP REQUEST GET https://serviceusage.googleapis.com/v1/projects/budget-app-89e6d/services/runtimeconfig.googleapis.com  
 
[debug] [2020-12-16T07:36:32.322Z] >>> HTTP REQUEST GET https://serviceusage.googleapis.com/v1/projects/budget-app-89e6d/services/cloudbuild.googleapis.com  
 
[debug] [2020-12-16T07:36:32.681Z] <<< HTTP RESPONSE 200 {"content-type":"application/json; charset=UTF-8","vary":"X-Origin, Referer, Origin,Accept-Encoding","date":"Wed, 16 Dec 2020 07:36:32 GMT","server":"ESF","cache-control":"private","x-xss-protection":"0","x-frame-options":"SAMEORIGIN","x-content-type-options":"nosniff","alt-svc":"h3-29=\":443\"; ma=2592000,h3-T051=\":443\"; ma=2592000,h3-Q050=\":443\"; ma=2592000,h3-Q046=\":443\"; ma=2592000,h3-Q043=\":443\"; ma=2592000,quic=\":443\"; ma=2592000; v=\"46,43\"","accept-ranges":"none","transfer-encoding":"chunked"}
[info] ✔  functions: required API cloudbuild.googleapis.com is enabled 
[debug] [2020-12-16T07:36:32.849Z] <<< HTTP RESPONSE 200 {"content-type":"application/json; charset=UTF-8","vary":"X-Origin, Referer, Origin,Accept-Encoding","date":"Wed, 16 Dec 2020 07:36:32 GMT","server":"ESF","cache-control":"private","x-xss-protection":"0","x-frame-options":"SAMEORIGIN","x-content-type-options":"nosniff","alt-svc":"h3-29=\":443\"; ma=2592000,h3-T051=\":443\"; ma=2592000,h3-Q050=\":443\"; ma=2592000,h3-Q046=\":443\"; ma=2592000,h3-Q043=\":443\"; ma=2592000,quic=\":443\"; ma=2592000; v=\"46,43\"","accept-ranges":"none","transfer-encoding":"chunked"}
[debug] [2020-12-16T07:36:32.877Z] <<< HTTP RESPONSE 200 {"content-type":"application/json; charset=UTF-8","vary":"X-Origin, Referer, Origin,Accept-Encoding","date":"Wed, 16 Dec 2020 07:36:32 GMT","server":"ESF","cache-control":"private","x-xss-protection":"0","x-frame-options":"SAMEORIGIN","x-content-type-options":"nosniff","alt-svc":"h3-29=\":443\"; ma=2592000,h3-T051=\":443\"; ma=2592000,h3-Q050=\":443\"; ma=2592000,h3-Q046=\":443\"; ma=2592000,h3-Q043=\":443\"; ma=2592000,quic=\":443\"; ma=2592000; v=\"46,43\"","accept-ranges":"none","transfer-encoding":"chunked"}
[info] ✔  functions: required API cloudfunctions.googleapis.com is enabled 
[debug] [2020-12-16T07:36:32.878Z] >>> HTTP REQUEST GET https://firebase.googleapis.com/v1beta1/projects/budget-app-89e6d/adminSdkConfig  
 
[debug] [2020-12-16T07:36:33.143Z] <<< HTTP RESPONSE 200 {"content-type":"application/json; charset=UTF-8","vary":"X-Origin, Referer, Origin,Accept-Encoding","date":"Wed, 16 Dec 2020 07:36:33 GMT","server":"ESF","cache-control":"private","x-xss-protection":"0","x-frame-options":"SAMEORIGIN","x-content-type-options":"nosniff","alt-svc":"h3-29=\":443\"; ma=2592000,h3-T051=\":443\"; ma=2592000,h3-Q050=\":443\"; ma=2592000,h3-Q046=\":443\"; ma=2592000,h3-Q043=\":443\"; ma=2592000,quic=\":443\"; ma=2592000; v=\"46,43\"","accept-ranges":"none","transfer-encoding":"chunked"}
[info] i  functions: preparing functions directory for uploading... 
[debug] [2020-12-16T07:36:33.146Z] >>> HTTP REQUEST GET https://runtimeconfig.googleapis.com/v1beta1/projects/budget-app-89e6d/configs  
 
[debug] [2020-12-16T07:36:33.355Z] <<< HTTP RESPONSE 200 {"content-type":"application/json; charset=UTF-8","vary":"X-Origin, Referer, Origin,Accept-Encoding","date":"Wed, 16 Dec 2020 07:36:33 GMT","server":"ESF","cache-control":"private","x-xss-protection":"0","x-frame-options":"SAMEORIGIN","x-content-type-options":"nosniff","alt-svc":"h3-29=\":443\"; ma=2592000,h3-T051=\":443\"; ma=2592000,h3-Q050=\":443\"; ma=2592000,h3-Q046=\":443\"; ma=2592000,h3-Q043=\":443\"; ma=2592000,quic=\":443\"; ma=2592000; v=\"46,43\"","accept-ranges":"none","transfer-encoding":"chunked"}
[info] i  functions: packaged functions (36.93 KB) for uploading 
[debug] [2020-12-16T07:36:33.508Z] >>> HTTP REQUEST GET https://cloudfunctions.googleapis.com/v1/projects/budget-app-89e6d/locations/-/functions  
 
[debug] [2020-12-16T07:36:33.988Z] <<< HTTP RESPONSE 200 {"content-type":"application/json; charset=UTF-8","vary":"X-Origin, Referer, Origin,Accept-Encoding","date":"Wed, 16 Dec 2020 07:36:33 GMT","server":"ESF","cache-control":"private","x-xss-protection":"0","x-frame-options":"SAMEORIGIN","x-content-type-options":"nosniff","alt-svc":"h3-29=\":443\"; ma=2592000,h3-T051=\":443\"; ma=2592000,h3-Q050=\":443\"; ma=2592000,h3-Q046=\":443\"; ma=2592000,h3-Q043=\":443\"; ma=2592000,quic=\":443\"; ma=2592000; v=\"46,43\"","accept-ranges":"none","transfer-encoding":"chunked"}
[debug] [2020-12-16T07:36:33.991Z] >>> HTTP REQUEST POST https://cloudfunctions.googleapis.com/v1/projects/budget-app-89e6d/locations/us-central1/functions:generateUploadUrl  
 
[debug] [2020-12-16T07:36:34.944Z] <<< HTTP RESPONSE 200 {"content-type":"application/json; charset=UTF-8","vary":"X-Origin, Referer, Origin,Accept-Encoding","date":"Wed, 16 Dec 2020 07:36:34 GMT","server":"ESF","cache-control":"private","x-xss-protection":"0","x-frame-options":"SAMEORIGIN","x-content-type-options":"nosniff","alt-svc":"h3-29=\":443\"; ma=2592000,h3-T051=\":443\"; ma=2592000,h3-Q050=\":443\"; ma=2592000,h3-Q046=\":443\"; ma=2592000,h3-Q043=\":443\"; ma=2592000,quic=\":443\"; ma=2592000; v=\"46,43\"","accept-ranges":"none","transfer-encoding":"chunked"}
[debug] [2020-12-16T07:36:34.945Z] >>> HTTP REQUEST PUT https://storage.googleapis.com/gcf-upload-us-central1-25eb394a-2649-4a72-b75a-573a9124cfed/46029a33-df91-4bcc-bb3a-5f904679282b.zip?GoogleAccessId=service-1037165621114@gcf-admin-robot.iam.gserviceaccount.com&Expires=1608105994&Signature=G5FHGhF%2FtdUh%2BzsBS3egxcijhdS3LOiSUZ1QQxXTR48uXwEYLotUgdisyiIhQmGwoy%2F%2BhG1MprvQpjzT0TdYZUrTigfaSbW9Cy6AmbvWyH6ummNqRr6jHJQKKqS3ryjGf0zupX52e8AQJm2nlrYXkWiE83QeNfktEszxhPKsoSLet%2BidQZXaWcAyQMaY9qS2l80lilX3bLWAzWK%2FaEpWB16ciFZXH6gSJWe9dCqomIxpjQPrhNWxnHAyH00BRIkBMkJo6RAIiCjL1Wcj2Xwi6J2wgEnqCoLuTqdAcceCiMfoem3r%2FNX4nhkKTrPOab49oJAlcsh46b3zRbX%2BcQpgZw%3D%3D  
 <request body omitted>
[debug] [2020-12-16T07:36:35.209Z] <<< HTTP RESPONSE 200 {"x-guploader-uploadid":"ABg5-UxcoYmflkJmq5fVSbzftfM5wga2_P5dzFTLI_A7ULA1wNqqPUqZAsAY55UVyR-BwuSKmJiMGHn4Wk-qcBUgU8w","etag":"\"26185cd9141a9dfb5f0df7fe72b496af\"","x-goog-generation":"1608104195170496","x-goog-metageneration":"1","x-goog-hash":"crc32c=aKXUzg==, md5=Jhhc2RQanftfDff+crSWrw==","x-goog-stored-content-length":"37813","x-goog-stored-content-encoding":"identity","vary":"Origin","content-length":"0","date":"Wed, 16 Dec 2020 07:36:35 GMT","server":"UploadServer","content-type":"text/html; charset=UTF-8","alt-svc":"h3-29=\":443\"; ma=2592000,h3-T051=\":443\"; ma=2592000,h3-Q050=\":443\"; ma=2592000,h3-Q046=\":443\"; ma=2592000,h3-Q043=\":443\"; ma=2592000,quic=\":443\"; ma=2592000; v=\"46,43\""}
[info] ✔  functions: functions folder uploaded successfully 
[info] i  functions: updating Node.js 12 function saveProfileImg(us-central1)... 
[debug] [2020-12-16T07:36:35.213Z] Trigger is:  {"httpsTrigger":{}}
[debug] [2020-12-16T07:36:35.215Z] >>> HTTP REQUEST PATCH https://cloudfunctions.googleapis.com/v1/projects/budget-app-89e6d/locations/us-central1/functions/saveProfileImg {"updateMask":"sourceUploadUrl,name,labels,runtime,environmentVariables,httpsTrigger"} 
 {"sourceUploadUrl":"https://storage.googleapis.com/gcf-upload-us-central1-25eb394a-2649-4a72-b75a-573a9124cfed/46029a33-df91-4bcc-bb3a-5f904679282b.zip?GoogleAccessId=service-1037165621114@gcf-admin-robot.iam.gserviceaccount.com&Expires=1608105994&Signature=G5FHGhF%2FtdUh%2BzsBS3egxcijhdS3LOiSUZ1QQxXTR48uXwEYLotUgdisyiIhQmGwoy%2F%2BhG1MprvQpjzT0TdYZUrTigfaSbW9Cy6AmbvWyH6ummNqRr6jHJQKKqS3ryjGf0zupX52e8AQJm2nlrYXkWiE83QeNfktEszxhPKsoSLet%2BidQZXaWcAyQMaY9qS2l80lilX3bLWAzWK%2FaEpWB16ciFZXH6gSJWe9dCqomIxpjQPrhNWxnHAyH00BRIkBMkJo6RAIiCjL1Wcj2Xwi6J2wgEnqCoLuTqdAcceCiMfoem3r%2FNX4nhkKTrPOab49oJAlcsh46b3zRbX%2BcQpgZw%3D%3D","name":"projects/budget-app-89e6d/locations/us-central1/functions/saveProfileImg","labels":{"deployment-tool":"cli-firebase","deployment-callable":"true"},"httpsTrigger":{},"runtime":"nodejs12","environmentVariables":{"FIREBASE_CONFIG":"{\"projectId\":\"budget-app-89e6d\",\"storageBucket\":\"budget-app-89e6d.appspot.com\",\"locationId\":\"us-central\"}"}}
[debug] [2020-12-16T07:36:36.121Z] <<< HTTP RESPONSE 200 {"content-type":"application/json; charset=UTF-8","vary":"X-Origin, Referer, Origin,Accept-Encoding","date":"Wed, 16 Dec 2020 07:36:36 GMT","server":"ESF","cache-control":"private","x-xss-protection":"0","x-frame-options":"SAMEORIGIN","x-content-type-options":"nosniff","alt-svc":"h3-29=\":443\"; ma=2592000,h3-T051=\":443\"; ma=2592000,h3-Q050=\":443\"; ma=2592000,h3-Q046=\":443\"; ma=2592000,h3-Q043=\":443\"; ma=2592000,quic=\":443\"; ma=2592000; v=\"46,43\"","accept-ranges":"none","transfer-encoding":"chunked"}
[debug] [2020-12-16T07:36:36.124Z] >>> HTTP REQUEST GET https://cloudfunctions.googleapis.com/v1/projects/budget-app-89e6d/locations/-/functions  
 
[debug] [2020-12-16T07:36:36.562Z] <<< HTTP RESPONSE 200 {"content-type":"application/json; charset=UTF-8","vary":"X-Origin, Referer, Origin,Accept-Encoding","date":"Wed, 16 Dec 2020 07:36:36 GMT","server":"ESF","cache-control":"private","x-xss-protection":"0","x-frame-options":"SAMEORIGIN","x-content-type-options":"nosniff","alt-svc":"h3-29=\":443\"; ma=2592000,h3-T051=\":443\"; ma=2592000,h3-Q050=\":443\"; ma=2592000,h3-Q046=\":443\"; ma=2592000,h3-Q043=\":443\"; ma=2592000,quic=\":443\"; ma=2592000; v=\"46,43\"","accept-ranges":"none","transfer-encoding":"chunked"}
[debug] [2020-12-16T07:36:36.564Z] >>> HTTP REQUEST GET https://cloudfunctions.googleapis.com/v1/operations/YnVkZ2V0LWFwcC04OWU2ZC91cy1jZW50cmFsMS9zYXZlUHJvZmlsZUltZy96SDM2N2s4TTgtNA  
 
[debug] [2020-12-16T07:36:36.761Z] <<< HTTP RESPONSE 200 {"content-type":"application/json; charset=UTF-8","vary":"X-Origin, Referer, Origin,Accept-Encoding","date":"Wed, 16 Dec 2020 07:36:36 GMT","server":"ESF","cache-control":"private","x-xss-protection":"0","x-frame-options":"SAMEORIGIN","x-content-type-options":"nosniff","alt-svc":"h3-29=\":443\"; ma=2592000,h3-T051=\":443\"; ma=2592000,h3-Q050=\":443\"; ma=2592000,h3-Q046=\":443\"; ma=2592000,h3-Q043=\":443\"; ma=2592000,quic=\":443\"; ma=2592000; v=\"46,43\"","accept-ranges":"none","transfer-encoding":"chunked"}
[debug] [2020-12-16T07:36:38.767Z] >>> HTTP REQUEST GET https://cloudfunctions.googleapis.com/v1/operations/YnVkZ2V0LWFwcC04OWU2ZC91cy1jZW50cmFsMS9zYXZlUHJvZmlsZUltZy96SDM2N2s4TTgtNA  
 
[debug] [2020-12-16T07:36:39.013Z] <<< HTTP RESPONSE 200 {"content-type":"application/json; charset=UTF-8","vary":"X-Origin, Referer, Origin,Accept-Encoding","date":"Wed, 16 Dec 2020 07:36:38 GMT","server":"ESF","cache-control":"private","x-xss-protection":"0","x-frame-options":"SAMEORIGIN","x-content-type-options":"nosniff","alt-svc":"h3-29=\":443\"; ma=2592000,h3-T051=\":443\"; ma=2592000,h3-Q050=\":443\"; ma=2592000,h3-Q046=\":443\"; ma=2592000,h3-Q043=\":443\"; ma=2592000,quic=\":443\"; ma=2592000; v=\"46,43\"","accept-ranges":"none","transfer-encoding":"chunked"}
[debug] [2020-12-16T07:36:41.017Z] >>> HTTP REQUEST GET https://cloudfunctions.googleapis.com/v1/operations/YnVkZ2V0LWFwcC04OWU2ZC91cy1jZW50cmFsMS9zYXZlUHJvZmlsZUltZy96SDM2N2s4TTgtNA  
 
[debug] [2020-12-16T07:36:41.251Z] <<< HTTP RESPONSE 200 {"content-type":"application/json; charset=UTF-8","vary":"X-Origin, Referer, Origin,Accept-Encoding","date":"Wed, 16 Dec 2020 07:36:41 GMT","server":"ESF","cache-control":"private","x-xss-protection":"0","x-frame-options":"SAMEORIGIN","x-content-type-options":"nosniff","alt-svc":"h3-29=\":443\"; ma=2592000,h3-T051=\":443\"; ma=2592000,h3-Q050=\":443\"; ma=2592000,h3-Q046=\":443\"; ma=2592000,h3-Q043=\":443\"; ma=2592000,quic=\":443\"; ma=2592000; v=\"46,43\"","accept-ranges":"none","transfer-encoding":"chunked"}
[debug] [2020-12-16T07:36:43.256Z] >>> HTTP REQUEST GET https://cloudfunctions.googleapis.com/v1/operations/YnVkZ2V0LWFwcC04OWU2ZC91cy1jZW50cmFsMS9zYXZlUHJvZmlsZUltZy96SDM2N2s4TTgtNA  
 
[debug] [2020-12-16T07:36:43.452Z] <<< HTTP RESPONSE 200 {"content-type":"application/json; charset=UTF-8","vary":"X-Origin, Referer, Origin,Accept-Encoding","date":"Wed, 16 Dec 2020 07:36:43 GMT","server":"ESF","cache-control":"private","x-xss-protection":"0","x-frame-options":"SAMEORIGIN","x-content-type-options":"nosniff","alt-svc":"h3-29=\":443\"; ma=2592000,h3-T051=\":443\"; ma=2592000,h3-Q050=\":443\"; ma=2592000,h3-Q046=\":443\"; ma=2592000,h3-Q043=\":443\"; ma=2592000,quic=\":443\"; ma=2592000; v=\"46,43\"","accept-ranges":"none","transfer-encoding":"chunked"}
[debug] [2020-12-16T07:36:45.458Z] >>> HTTP REQUEST GET https://cloudfunctions.googleapis.com/v1/operations/YnVkZ2V0LWFwcC04OWU2ZC91cy1jZW50cmFsMS9zYXZlUHJvZmlsZUltZy96SDM2N2s4TTgtNA  
 
[debug] [2020-12-16T07:36:45.690Z] <<< HTTP RESPONSE 200 {"content-type":"application/json; charset=UTF-8","vary":"X-Origin, Referer, Origin,Accept-Encoding","date":"Wed, 16 Dec 2020 07:36:45 GMT","server":"ESF","cache-control":"private","x-xss-protection":"0","x-frame-options":"SAMEORIGIN","x-content-type-options":"nosniff","alt-svc":"h3-29=\":443\"; ma=2592000,h3-T051=\":443\"; ma=2592000,h3-Q050=\":443\"; ma=2592000,h3-Q046=\":443\"; ma=2592000,h3-Q043=\":443\"; ma=2592000,quic=\":443\"; ma=2592000; v=\"46,43\"","accept-ranges":"none","transfer-encoding":"chunked"}
[debug] [2020-12-16T07:36:47.696Z] >>> HTTP REQUEST GET https://cloudfunctions.googleapis.com/v1/operations/YnVkZ2V0LWFwcC04OWU2ZC91cy1jZW50cmFsMS9zYXZlUHJvZmlsZUltZy96SDM2N2s4TTgtNA  
 
[debug] [2020-12-16T07:36:47.904Z] <<< HTTP RESPONSE 200 {"content-type":"application/json; charset=UTF-8","vary":"X-Origin, Referer, Origin,Accept-Encoding","date":"Wed, 16 Dec 2020 07:36:47 GMT","server":"ESF","cache-control":"private","x-xss-protection":"0","x-frame-options":"SAMEORIGIN","x-content-type-options":"nosniff","alt-svc":"h3-29=\":443\"; ma=2592000,h3-T051=\":443\"; ma=2592000,h3-Q050=\":443\"; ma=2592000,h3-Q046=\":443\"; ma=2592000,h3-Q043=\":443\"; ma=2592000,quic=\":443\"; ma=2592000; v=\"46,43\"","accept-ranges":"none","transfer-encoding":"chunked"}
[debug] [2020-12-16T07:36:49.908Z] >>> HTTP REQUEST GET https://cloudfunctions.googleapis.com/v1/operations/YnVkZ2V0LWFwcC04OWU2ZC91cy1jZW50cmFsMS9zYXZlUHJvZmlsZUltZy96SDM2N2s4TTgtNA  
 
[debug] [2020-12-16T07:36:50.112Z] <<< HTTP RESPONSE 200 {"content-type":"application/json; charset=UTF-8","vary":"X-Origin, Referer, Origin,Accept-Encoding","date":"Wed, 16 Dec 2020 07:36:50 GMT","server":"ESF","cache-control":"private","x-xss-protection":"0","x-frame-options":"SAMEORIGIN","x-content-type-options":"nosniff","alt-svc":"h3-29=\":443\"; ma=2592000,h3-T051=\":443\"; ma=2592000,h3-Q050=\":443\"; ma=2592000,h3-Q046=\":443\"; ma=2592000,h3-Q043=\":443\"; ma=2592000,quic=\":443\"; ma=2592000; v=\"46,43\"","accept-ranges":"none","transfer-encoding":"chunked"}
[debug] [2020-12-16T07:36:52.113Z] >>> HTTP REQUEST GET https://cloudfunctions.googleapis.com/v1/operations/YnVkZ2V0LWFwcC04OWU2ZC91cy1jZW50cmFsMS9zYXZlUHJvZmlsZUltZy96SDM2N2s4TTgtNA  
 
[debug] [2020-12-16T07:36:52.330Z] <<< HTTP RESPONSE 200 {"content-type":"application/json; charset=UTF-8","vary":"X-Origin, Referer, Origin,Accept-Encoding","date":"Wed, 16 Dec 2020 07:36:52 GMT","server":"ESF","cache-control":"private","x-xss-protection":"0","x-frame-options":"SAMEORIGIN","x-content-type-options":"nosniff","alt-svc":"h3-29=\":443\"; ma=2592000,h3-T051=\":443\"; ma=2592000,h3-Q050=\":443\"; ma=2592000,h3-Q046=\":443\"; ma=2592000,h3-Q043=\":443\"; ma=2592000,quic=\":443\"; ma=2592000; v=\"46,43\"","accept-ranges":"none","transfer-encoding":"chunked"}
[debug] [2020-12-16T07:36:54.335Z] >>> HTTP REQUEST GET https://cloudfunctions.googleapis.com/v1/operations/YnVkZ2V0LWFwcC04OWU2ZC91cy1jZW50cmFsMS9zYXZlUHJvZmlsZUltZy96SDM2N2s4TTgtNA  
 
[debug] [2020-12-16T07:36:54.534Z] <<< HTTP RESPONSE 200 {"content-type":"application/json; charset=UTF-8","vary":"X-Origin, Referer, Origin,Accept-Encoding","date":"Wed, 16 Dec 2020 07:36:54 GMT","server":"ESF","cache-control":"private","x-xss-protection":"0","x-frame-options":"SAMEORIGIN","x-content-type-options":"nosniff","alt-svc":"h3-29=\":443\"; ma=2592000,h3-T051=\":443\"; ma=2592000,h3-Q050=\":443\"; ma=2592000,h3-Q046=\":443\"; ma=2592000,h3-Q043=\":443\"; ma=2592000,quic=\":443\"; ma=2592000; v=\"46,43\"","accept-ranges":"none","transfer-encoding":"chunked"}
[debug] [2020-12-16T07:36:56.536Z] >>> HTTP REQUEST GET https://cloudfunctions.googleapis.com/v1/operations/YnVkZ2V0LWFwcC04OWU2ZC91cy1jZW50cmFsMS9zYXZlUHJvZmlsZUltZy96SDM2N2s4TTgtNA  
 
[debug] [2020-12-16T07:36:56.741Z] <<< HTTP RESPONSE 200 {"content-type":"application/json; charset=UTF-8","vary":"X-Origin, Referer, Origin,Accept-Encoding","date":"Wed, 16 Dec 2020 07:36:56 GMT","server":"ESF","cache-control":"private","x-xss-protection":"0","x-frame-options":"SAMEORIGIN","x-content-type-options":"nosniff","alt-svc":"h3-29=\":443\"; ma=2592000,h3-T051=\":443\"; ma=2592000,h3-Q050=\":443\"; ma=2592000,h3-Q046=\":443\"; ma=2592000,h3-Q043=\":443\"; ma=2592000,quic=\":443\"; ma=2592000; v=\"46,43\"","accept-ranges":"none","transfer-encoding":"chunked"}
[debug] [2020-12-16T07:36:58.744Z] >>> HTTP REQUEST GET https://cloudfunctions.googleapis.com/v1/operations/YnVkZ2V0LWFwcC04OWU2ZC91cy1jZW50cmFsMS9zYXZlUHJvZmlsZUltZy96SDM2N2s4TTgtNA  
 
[debug] [2020-12-16T07:36:58.952Z] <<< HTTP RESPONSE 200 {"content-type":"application/json; charset=UTF-8","vary":"X-Origin, Referer, Origin,Accept-Encoding","date":"Wed, 16 Dec 2020 07:36:58 GMT","server":"ESF","cache-control":"private","x-xss-protection":"0","x-frame-options":"SAMEORIGIN","x-content-type-options":"nosniff","alt-svc":"h3-29=\":443\"; ma=2592000,h3-T051=\":443\"; ma=2592000,h3-Q050=\":443\"; ma=2592000,h3-Q046=\":443\"; ma=2592000,h3-Q043=\":443\"; ma=2592000,quic=\":443\"; ma=2592000; v=\"46,43\"","accept-ranges":"none","transfer-encoding":"chunked"}
[debug] [2020-12-16T07:37:00.962Z] >>> HTTP REQUEST GET https://cloudfunctions.googleapis.com/v1/operations/YnVkZ2V0LWFwcC04OWU2ZC91cy1jZW50cmFsMS9zYXZlUHJvZmlsZUltZy96SDM2N2s4TTgtNA  
 
[debug] [2020-12-16T07:37:01.147Z] <<< HTTP RESPONSE 200 {"content-type":"application/json; charset=UTF-8","vary":"X-Origin, Referer, Origin,Accept-Encoding","date":"Wed, 16 Dec 2020 07:37:01 GMT","server":"ESF","cache-control":"private","x-xss-protection":"0","x-frame-options":"SAMEORIGIN","x-content-type-options":"nosniff","alt-svc":"h3-29=\":443\"; ma=2592000,h3-T051=\":443\"; ma=2592000,h3-Q050=\":443\"; ma=2592000,h3-Q046=\":443\"; ma=2592000,h3-Q043=\":443\"; ma=2592000,quic=\":443\"; ma=2592000; v=\"46,43\"","accept-ranges":"none","transfer-encoding":"chunked"}
[debug] [2020-12-16T07:37:03.153Z] >>> HTTP REQUEST GET https://cloudfunctions.googleapis.com/v1/operations/YnVkZ2V0LWFwcC04OWU2ZC91cy1jZW50cmFsMS9zYXZlUHJvZmlsZUltZy96SDM2N2s4TTgtNA  
 
[debug] [2020-12-16T07:37:03.349Z] <<< HTTP RESPONSE 200 {"content-type":"application/json; charset=UTF-8","vary":"X-Origin, Referer, Origin,Accept-Encoding","date":"Wed, 16 Dec 2020 07:37:03 GMT","server":"ESF","cache-control":"private","x-xss-protection":"0","x-frame-options":"SAMEORIGIN","x-content-type-options":"nosniff","alt-svc":"h3-29=\":443\"; ma=2592000,h3-T051=\":443\"; ma=2592000,h3-Q050=\":443\"; ma=2592000,h3-Q046=\":443\"; ma=2592000,h3-Q043=\":443\"; ma=2592000,quic=\":443\"; ma=2592000; v=\"46,43\"","accept-ranges":"none","transfer-encoding":"chunked"}
[debug] [2020-12-16T07:37:05.351Z] >>> HTTP REQUEST GET https://cloudfunctions.googleapis.com/v1/operations/YnVkZ2V0LWFwcC04OWU2ZC91cy1jZW50cmFsMS9zYXZlUHJvZmlsZUltZy96SDM2N2s4TTgtNA  
 
[debug] [2020-12-16T07:37:05.572Z] <<< HTTP RESPONSE 200 {"content-type":"application/json; charset=UTF-8","vary":"X-Origin, Referer, Origin,Accept-Encoding","date":"Wed, 16 Dec 2020 07:37:05 GMT","server":"ESF","cache-control":"private","x-xss-protection":"0","x-frame-options":"SAMEORIGIN","x-content-type-options":"nosniff","alt-svc":"h3-29=\":443\"; ma=2592000,h3-T051=\":443\"; ma=2592000,h3-Q050=\":443\"; ma=2592000,h3-Q046=\":443\"; ma=2592000,h3-Q043=\":443\"; ma=2592000,quic=\":443\"; ma=2592000; v=\"46,43\"","accept-ranges":"none","transfer-encoding":"chunked"}
[debug] [2020-12-16T07:37:07.575Z] >>> HTTP REQUEST GET https://cloudfunctions.googleapis.com/v1/operations/YnVkZ2V0LWFwcC04OWU2ZC91cy1jZW50cmFsMS9zYXZlUHJvZmlsZUltZy96SDM2N2s4TTgtNA  
 
[debug] [2020-12-16T07:37:07.771Z] <<< HTTP RESPONSE 200 {"content-type":"application/json; charset=UTF-8","vary":"X-Origin, Referer, Origin,Accept-Encoding","date":"Wed, 16 Dec 2020 07:37:07 GMT","server":"ESF","cache-control":"private","x-xss-protection":"0","x-frame-options":"SAMEORIGIN","x-content-type-options":"nosniff","alt-svc":"h3-29=\":443\"; ma=2592000,h3-T051=\":443\"; ma=2592000,h3-Q050=\":443\"; ma=2592000,h3-Q046=\":443\"; ma=2592000,h3-Q043=\":443\"; ma=2592000,quic=\":443\"; ma=2592000; v=\"46,43\"","accept-ranges":"none","transfer-encoding":"chunked"}
[debug] [2020-12-16T07:37:09.778Z] >>> HTTP REQUEST GET https://cloudfunctions.googleapis.com/v1/operations/YnVkZ2V0LWFwcC04OWU2ZC91cy1jZW50cmFsMS9zYXZlUHJvZmlsZUltZy96SDM2N2s4TTgtNA  
 
[debug] [2020-12-16T07:37:09.987Z] <<< HTTP RESPONSE 200 {"content-type":"application/json; charset=UTF-8","vary":"X-Origin, Referer, Origin,Accept-Encoding","date":"Wed, 16 Dec 2020 07:37:09 GMT","server":"ESF","cache-control":"private","x-xss-protection":"0","x-frame-options":"SAMEORIGIN","x-content-type-options":"nosniff","alt-svc":"h3-29=\":443\"; ma=2592000,h3-T051=\":443\"; ma=2592000,h3-Q050=\":443\"; ma=2592000,h3-Q046=\":443\"; ma=2592000,h3-Q043=\":443\"; ma=2592000,quic=\":443\"; ma=2592000; v=\"46,43\"","accept-ranges":"none","transfer-encoding":"chunked"}
[debug] [2020-12-16T07:37:11.991Z] >>> HTTP REQUEST GET https://cloudfunctions.googleapis.com/v1/operations/YnVkZ2V0LWFwcC04OWU2ZC91cy1jZW50cmFsMS9zYXZlUHJvZmlsZUltZy96SDM2N2s4TTgtNA  
 
[debug] [2020-12-16T07:37:12.205Z] <<< HTTP RESPONSE 200 {"content-type":"application/json; charset=UTF-8","vary":"X-Origin, Referer, Origin,Accept-Encoding","date":"Wed, 16 Dec 2020 07:37:12 GMT","server":"ESF","cache-control":"private","x-xss-protection":"0","x-frame-options":"SAMEORIGIN","x-content-type-options":"nosniff","alt-svc":"h3-29=\":443\"; ma=2592000,h3-T051=\":443\"; ma=2592000,h3-Q050=\":443\"; ma=2592000,h3-Q046=\":443\"; ma=2592000,h3-Q043=\":443\"; ma=2592000,quic=\":443\"; ma=2592000; v=\"46,43\"","accept-ranges":"none","transfer-encoding":"chunked"}
[debug] [2020-12-16T07:37:14.209Z] >>> HTTP REQUEST GET https://cloudfunctions.googleapis.com/v1/operations/YnVkZ2V0LWFwcC04OWU2ZC91cy1jZW50cmFsMS9zYXZlUHJvZmlsZUltZy96SDM2N2s4TTgtNA  
 
[debug] [2020-12-16T07:37:14.420Z] <<< HTTP RESPONSE 200 {"content-type":"application/json; charset=UTF-8","vary":"X-Origin, Referer, Origin,Accept-Encoding","date":"Wed, 16 Dec 2020 07:37:14 GMT","server":"ESF","cache-control":"private","x-xss-protection":"0","x-frame-options":"SAMEORIGIN","x-content-type-options":"nosniff","alt-svc":"h3-29=\":443\"; ma=2592000,h3-T051=\":443\"; ma=2592000,h3-Q050=\":443\"; ma=2592000,h3-Q046=\":443\"; ma=2592000,h3-Q043=\":443\"; ma=2592000,quic=\":443\"; ma=2592000; v=\"46,43\"","accept-ranges":"none","transfer-encoding":"chunked"}
[debug] [2020-12-16T07:37:16.422Z] >>> HTTP REQUEST GET https://cloudfunctions.googleapis.com/v1/operations/YnVkZ2V0LWFwcC04OWU2ZC91cy1jZW50cmFsMS9zYXZlUHJvZmlsZUltZy96SDM2N2s4TTgtNA  
 
[debug] [2020-12-16T07:37:16.615Z] <<< HTTP RESPONSE 200 {"content-type":"application/json; charset=UTF-8","vary":"X-Origin, Referer, Origin,Accept-Encoding","date":"Wed, 16 Dec 2020 07:37:16 GMT","server":"ESF","cache-control":"private","x-xss-protection":"0","x-frame-options":"SAMEORIGIN","x-content-type-options":"nosniff","alt-svc":"h3-29=\":443\"; ma=2592000,h3-T051=\":443\"; ma=2592000,h3-Q050=\":443\"; ma=2592000,h3-Q046=\":443\"; ma=2592000,h3-Q043=\":443\"; ma=2592000,quic=\":443\"; ma=2592000; v=\"46,43\"","accept-ranges":"none","transfer-encoding":"chunked"}
[debug] [2020-12-16T07:37:18.620Z] >>> HTTP REQUEST GET https://cloudfunctions.googleapis.com/v1/operations/YnVkZ2V0LWFwcC04OWU2ZC91cy1jZW50cmFsMS9zYXZlUHJvZmlsZUltZy96SDM2N2s4TTgtNA  
 
[debug] [2020-12-16T07:37:18.822Z] <<< HTTP RESPONSE 200 {"content-type":"application/json; charset=UTF-8","vary":"X-Origin, Referer, Origin,Accept-Encoding","date":"Wed, 16 Dec 2020 07:37:18 GMT","server":"ESF","cache-control":"private","x-xss-protection":"0","x-frame-options":"SAMEORIGIN","x-content-type-options":"nosniff","alt-svc":"h3-29=\":443\"; ma=2592000,h3-T051=\":443\"; ma=2592000,h3-Q050=\":443\"; ma=2592000,h3-Q046=\":443\"; ma=2592000,h3-Q043=\":443\"; ma=2592000,quic=\":443\"; ma=2592000; v=\"46,43\"","accept-ranges":"none","transfer-encoding":"chunked"}
[debug] [2020-12-16T07:37:20.823Z] >>> HTTP REQUEST GET https://cloudfunctions.googleapis.com/v1/operations/YnVkZ2V0LWFwcC04OWU2ZC91cy1jZW50cmFsMS9zYXZlUHJvZmlsZUltZy96SDM2N2s4TTgtNA  
 
[debug] [2020-12-16T07:37:21.027Z] <<< HTTP RESPONSE 200 {"content-type":"application/json; charset=UTF-8","vary":"X-Origin, Referer, Origin,Accept-Encoding","date":"Wed, 16 Dec 2020 07:37:21 GMT","server":"ESF","cache-control":"private","x-xss-protection":"0","x-frame-options":"SAMEORIGIN","x-content-type-options":"nosniff","alt-svc":"h3-29=\":443\"; ma=2592000,h3-T051=\":443\"; ma=2592000,h3-Q050=\":443\"; ma=2592000,h3-Q046=\":443\"; ma=2592000,h3-Q043=\":443\"; ma=2592000,quic=\":443\"; ma=2592000; v=\"46,43\"","accept-ranges":"none","transfer-encoding":"chunked"}
[debug] [2020-12-16T07:37:23.031Z] >>> HTTP REQUEST GET https://cloudfunctions.googleapis.com/v1/operations/YnVkZ2V0LWFwcC04OWU2ZC91cy1jZW50cmFsMS9zYXZlUHJvZmlsZUltZy96SDM2N2s4TTgtNA  
 
[debug] [2020-12-16T07:37:23.244Z] <<< HTTP RESPONSE 200 {"content-type":"application/json; charset=UTF-8","vary":"X-Origin, Referer, Origin,Accept-Encoding","date":"Wed, 16 Dec 2020 07:37:23 GMT","server":"ESF","cache-control":"private","x-xss-protection":"0","x-frame-options":"SAMEORIGIN","x-content-type-options":"nosniff","alt-svc":"h3-29=\":443\"; ma=2592000,h3-T051=\":443\"; ma=2592000,h3-Q050=\":443\"; ma=2592000,h3-Q046=\":443\"; ma=2592000,h3-Q043=\":443\"; ma=2592000,quic=\":443\"; ma=2592000; v=\"46,43\"","accept-ranges":"none","transfer-encoding":"chunked"}
[debug] [2020-12-16T07:37:25.250Z] >>> HTTP REQUEST GET https://cloudfunctions.googleapis.com/v1/operations/YnVkZ2V0LWFwcC04OWU2ZC91cy1jZW50cmFsMS9zYXZlUHJvZmlsZUltZy96SDM2N2s4TTgtNA  
 
[debug] [2020-12-16T07:37:25.459Z] <<< HTTP RESPONSE 200 {"content-type":"application/json; charset=UTF-8","vary":"X-Origin, Referer, Origin,Accept-Encoding","date":"Wed, 16 Dec 2020 07:37:25 GMT","server":"ESF","cache-control":"private","x-xss-protection":"0","x-frame-options":"SAMEORIGIN","x-content-type-options":"nosniff","alt-svc":"h3-29=\":443\"; ma=2592000,h3-T051=\":443\"; ma=2592000,h3-Q050=\":443\"; ma=2592000,h3-Q046=\":443\"; ma=2592000,h3-Q043=\":443\"; ma=2592000,quic=\":443\"; ma=2592000; v=\"46,43\"","accept-ranges":"none","transfer-encoding":"chunked"}
[debug] [2020-12-16T07:37:27.463Z] >>> HTTP REQUEST GET https://cloudfunctions.googleapis.com/v1/operations/YnVkZ2V0LWFwcC04OWU2ZC91cy1jZW50cmFsMS9zYXZlUHJvZmlsZUltZy96SDM2N2s4TTgtNA  
 
[debug] [2020-12-16T07:37:27.682Z] <<< HTTP RESPONSE 200 {"content-type":"application/json; charset=UTF-8","vary":"X-Origin, Referer, Origin,Accept-Encoding","date":"Wed, 16 Dec 2020 07:37:27 GMT","server":"ESF","cache-control":"private","x-xss-protection":"0","x-frame-options":"SAMEORIGIN","x-content-type-options":"nosniff","alt-svc":"h3-29=\":443\"; ma=2592000,h3-T051=\":443\"; ma=2592000,h3-Q050=\":443\"; ma=2592000,h3-Q046=\":443\"; ma=2592000,h3-Q043=\":443\"; ma=2592000,quic=\":443\"; ma=2592000; v=\"46,43\"","accept-ranges":"none","transfer-encoding":"chunked"}
[debug] [2020-12-16T07:37:29.687Z] >>> HTTP REQUEST GET https://cloudfunctions.googleapis.com/v1/operations/YnVkZ2V0LWFwcC04OWU2ZC91cy1jZW50cmFsMS9zYXZlUHJvZmlsZUltZy96SDM2N2s4TTgtNA  
 
[debug] [2020-12-16T07:37:29.884Z] <<< HTTP RESPONSE 200 {"content-type":"application/json; charset=UTF-8","vary":"X-Origin, Referer, Origin,Accept-Encoding","date":"Wed, 16 Dec 2020 07:37:29 GMT","server":"ESF","cache-control":"private","x-xss-protection":"0","x-frame-options":"SAMEORIGIN","x-content-type-options":"nosniff","alt-svc":"h3-29=\":443\"; ma=2592000,h3-T051=\":443\"; ma=2592000,h3-Q050=\":443\"; ma=2592000,h3-Q046=\":443\"; ma=2592000,h3-Q043=\":443\"; ma=2592000,quic=\":443\"; ma=2592000; v=\"46,43\"","accept-ranges":"none","transfer-encoding":"chunked"}
[debug] [2020-12-16T07:37:31.888Z] >>> HTTP REQUEST GET https://cloudfunctions.googleapis.com/v1/operations/YnVkZ2V0LWFwcC04OWU2ZC91cy1jZW50cmFsMS9zYXZlUHJvZmlsZUltZy96SDM2N2s4TTgtNA  
 
[debug] [2020-12-16T07:37:32.076Z] <<< HTTP RESPONSE 200 {"content-type":"application/json; charset=UTF-8","vary":"X-Origin, Referer, Origin,Accept-Encoding","date":"Wed, 16 Dec 2020 07:37:32 GMT","server":"ESF","cache-control":"private","x-xss-protection":"0","x-frame-options":"SAMEORIGIN","x-content-type-options":"nosniff","alt-svc":"h3-29=\":443\"; ma=2592000,h3-T051=\":443\"; ma=2592000,h3-Q050=\":443\"; ma=2592000,h3-Q046=\":443\"; ma=2592000,h3-Q043=\":443\"; ma=2592000,quic=\":443\"; ma=2592000; v=\"46,43\"","accept-ranges":"none","transfer-encoding":"chunked"}
[debug] [2020-12-16T07:37:34.078Z] >>> HTTP REQUEST GET https://cloudfunctions.googleapis.com/v1/operations/YnVkZ2V0LWFwcC04OWU2ZC91cy1jZW50cmFsMS9zYXZlUHJvZmlsZUltZy96SDM2N2s4TTgtNA  
 
[debug] [2020-12-16T07:37:34.277Z] <<< HTTP RESPONSE 200 {"content-type":"application/json; charset=UTF-8","vary":"X-Origin, Referer, Origin,Accept-Encoding","date":"Wed, 16 Dec 2020 07:37:34 GMT","server":"ESF","cache-control":"private","x-xss-protection":"0","x-frame-options":"SAMEORIGIN","x-content-type-options":"nosniff","alt-svc":"h3-29=\":443\"; ma=2592000,h3-T051=\":443\"; ma=2592000,h3-Q050=\":443\"; ma=2592000,h3-Q046=\":443\"; ma=2592000,h3-Q043=\":443\"; ma=2592000,quic=\":443\"; ma=2592000; v=\"46,43\"","accept-ranges":"none","transfer-encoding":"chunked"}
[debug] [2020-12-16T07:37:36.280Z] >>> HTTP REQUEST GET https://cloudfunctions.googleapis.com/v1/operations/YnVkZ2V0LWFwcC04OWU2ZC91cy1jZW50cmFsMS9zYXZlUHJvZmlsZUltZy96SDM2N2s4TTgtNA  
 
[debug] [2020-12-16T07:37:36.485Z] <<< HTTP RESPONSE 200 {"content-type":"application/json; charset=UTF-8","vary":"X-Origin, Referer, Origin,Accept-Encoding","date":"Wed, 16 Dec 2020 07:37:36 GMT","server":"ESF","cache-control":"private","x-xss-protection":"0","x-frame-options":"SAMEORIGIN","x-content-type-options":"nosniff","alt-svc":"h3-29=\":443\"; ma=2592000,h3-T051=\":443\"; ma=2592000,h3-Q050=\":443\"; ma=2592000,h3-Q046=\":443\"; ma=2592000,h3-Q043=\":443\"; ma=2592000,quic=\":443\"; ma=2592000; v=\"46,43\"","accept-ranges":"none","transfer-encoding":"chunked"}
[debug] [2020-12-16T07:37:38.490Z] >>> HTTP REQUEST GET https://cloudfunctions.googleapis.com/v1/operations/YnVkZ2V0LWFwcC04OWU2ZC91cy1jZW50cmFsMS9zYXZlUHJvZmlsZUltZy96SDM2N2s4TTgtNA  
 
[debug] [2020-12-16T07:37:38.720Z] <<< HTTP RESPONSE 200 {"content-type":"application/json; charset=UTF-8","vary":"X-Origin, Referer, Origin,Accept-Encoding","date":"Wed, 16 Dec 2020 07:37:38 GMT","server":"ESF","cache-control":"private","x-xss-protection":"0","x-frame-options":"SAMEORIGIN","x-content-type-options":"nosniff","alt-svc":"h3-29=\":443\"; ma=2592000,h3-T051=\":443\"; ma=2592000,h3-Q050=\":443\"; ma=2592000,h3-Q046=\":443\"; ma=2592000,h3-Q043=\":443\"; ma=2592000,quic=\":443\"; ma=2592000; v=\"46,43\"","accept-ranges":"none","transfer-encoding":"chunked"}
[debug] [2020-12-16T07:37:40.722Z] >>> HTTP REQUEST GET https://cloudfunctions.googleapis.com/v1/operations/YnVkZ2V0LWFwcC04OWU2ZC91cy1jZW50cmFsMS9zYXZlUHJvZmlsZUltZy96SDM2N2s4TTgtNA  
 
[debug] [2020-12-16T07:37:40.929Z] <<< HTTP RESPONSE 200 {"content-type":"application/json; charset=UTF-8","vary":"X-Origin, Referer, Origin,Accept-Encoding","date":"Wed, 16 Dec 2020 07:37:40 GMT","server":"ESF","cache-control":"private","x-xss-protection":"0","x-frame-options":"SAMEORIGIN","x-content-type-options":"nosniff","alt-svc":"h3-29=\":443\"; ma=2592000,h3-T051=\":443\"; ma=2592000,h3-Q050=\":443\"; ma=2592000,h3-Q046=\":443\"; ma=2592000,h3-Q043=\":443\"; ma=2592000,quic=\":443\"; ma=2592000; v=\"46,43\"","accept-ranges":"none","transfer-encoding":"chunked"}
[info] ✔  functions[saveProfileImg(us-central1)]: Successful update operation.  
[debug] [2020-12-16T07:37:41.041Z] TypeError: checkForNode8 is not a function
    at /usr/local/lib/node_modules/firebase-tools/lib/deploy/functions/release.js:413:13
    at processTicksAndRejections (internal/process/task_queues.js:97:5)
[error] 
[error] Error: An unexpected error has occurred.
[debug] [2020-12-16T07:38:47.181Z] ----------------------------------------------------------------------
[debug] [2020-12-16T07:38:47.183Z] Command:       /usr/local/bin/node /usr/local/bin/firebase deploy --only functions
[debug] [2020-12-16T07:38:47.183Z] CLI Version:   9.0.0
[debug] [2020-12-16T07:38:47.183Z] Platform:      darwin
[debug] [2020-12-16T07:38:47.183Z] Node Version:  v12.18.2
[debug] [2020-12-16T07:38:47.184Z] Time:          Wed Dec 16 2020 00:38:47 GMT-0700 (Mountain Standard Time)
[debug] [2020-12-16T07:38:47.184Z] ----------------------------------------------------------------------
[debug] [2020-12-16T07:38:47.184Z] 
[debug] [2020-12-16T07:38:47.192Z] > command requires scopes: ["email","openid","https://www.googleapis.com/auth/cloudplatformprojects.readonly","https://www.googleapis.com/auth/firebase","https://www.googleapis.com/auth/cloud-platform"]
[debug] [2020-12-16T07:38:47.192Z] > authorizing via signed-in user
[debug] [2020-12-16T07:38:47.192Z] [iam] checking project budget-app-89e6d for permissions ["cloudfunctions.functions.create","cloudfunctions.functions.delete","cloudfunctions.functions.get","cloudfunctions.functions.list","cloudfunctions.functions.update","cloudfunctions.operations.get","firebase.projects.get"]
[debug] [2020-12-16T07:38:47.195Z] >>> HTTP REQUEST POST https://cloudresourcemanager.googleapis.com/v1/projects/budget-app-89e6d:testIamPermissions  
 {"permissions":["cloudfunctions.functions.create","cloudfunctions.functions.delete","cloudfunctions.functions.get","cloudfunctions.functions.list","cloudfunctions.functions.update","cloudfunctions.operations.get","firebase.projects.get"]}
[debug] [2020-12-16T07:38:47.351Z] <<< HTTP RESPONSE 200 {"content-type":"application/json; charset=UTF-8","vary":"X-Origin, Referer, Origin,Accept-Encoding","date":"Wed, 16 Dec 2020 07:38:47 GMT","server":"ESF","cache-control":"private","x-xss-protection":"0","x-frame-options":"SAMEORIGIN","x-content-type-options":"nosniff","server-timing":"gfet4t7; dur=47","alt-svc":"h3-29=\":443\"; ma=2592000,h3-T051=\":443\"; ma=2592000,h3-Q050=\":443\"; ma=2592000,h3-Q046=\":443\"; ma=2592000,h3-Q043=\":443\"; ma=2592000,quic=\":443\"; ma=2592000; v=\"46,43\"","accept-ranges":"none","transfer-encoding":"chunked"}
[debug] [2020-12-16T07:38:47.353Z] >>> HTTP REQUEST POST https://iam.googleapis.com/v1/projects/budget-app-89e6d/serviceAccounts/budget-app-89e6d@appspot.gserviceaccount.com:testIamPermissions  
 {"permissions":["iam.serviceAccounts.actAs"]}
[debug] [2020-12-16T07:38:47.509Z] <<< HTTP RESPONSE 200 {"content-type":"application/json; charset=UTF-8","vary":"X-Origin, Referer, Origin,Accept-Encoding","date":"Wed, 16 Dec 2020 07:38:47 GMT","server":"ESF","cache-control":"private","x-xss-protection":"0","x-frame-options":"SAMEORIGIN","x-content-type-options":"nosniff","alt-svc":"h3-29=\":443\"; ma=2592000,h3-T051=\":443\"; ma=2592000,h3-Q050=\":443\"; ma=2592000,h3-Q046=\":443\"; ma=2592000,h3-Q043=\":443\"; ma=2592000,quic=\":443\"; ma=2592000; v=\"46,43\"","accept-ranges":"none","transfer-encoding":"chunked"}
[info] 
[info] === Deploying to 'budget-app-89e6d'...
[info] 
[info] i  deploying functions 
[info] Running command: npm --prefix "$RESOURCE_DIR" run lint
[info] ✔  functions: Finished running predeploy script. 
[debug] [2020-12-16T07:38:51.380Z] > [functions] package.json contents: {
  "name": "functions",
  "description": "Cloud Functions for Firebase",
  "scripts": {
    "lint": "eslint .",
    "serve": "firebase emulators:start --only functions",
    "shell": "firebase functions:shell",
    "start": "npm run shell",
    "deploy": "firebase deploy --only functions",
    "logs": "firebase functions:log"
  },
  "engines": {
    "node": "12"
  },
  "main": "index.js",
  "dependencies": {
    "firebase-admin": "^9.2.0",
    "firebase-functions": "^3.11.0"
  },
  "devDependencies": {
    "eslint": "^5.12.0",
    "eslint-plugin-promise": "^4.0.1",
    "firebase-functions-test": "^0.2.0"
  },
  "private": true
}
[info] i  functions: ensuring required API cloudfunctions.googleapis.com is enabled... 
[info] i  functions: ensuring required API cloudbuild.googleapis.com is enabled... 
[debug] [2020-12-16T07:38:52.477Z] >>> HTTP REQUEST GET https://serviceusage.googleapis.com/v1/projects/budget-app-89e6d/services/cloudfunctions.googleapis.com  
 
[debug] [2020-12-16T07:38:52.478Z] >>> HTTP REQUEST GET https://serviceusage.googleapis.com/v1/projects/budget-app-89e6d/services/runtimeconfig.googleapis.com  
 
[debug] [2020-12-16T07:38:52.478Z] >>> HTTP REQUEST GET https://serviceusage.googleapis.com/v1/projects/budget-app-89e6d/services/cloudbuild.googleapis.com  
 
[debug] [2020-12-16T07:38:52.741Z] <<< HTTP RESPONSE 200 {"content-type":"application/json; charset=UTF-8","vary":"X-Origin, Referer, Origin,Accept-Encoding","date":"Wed, 16 Dec 2020 07:38:52 GMT","server":"ESF","cache-control":"private","x-xss-protection":"0","x-frame-options":"SAMEORIGIN","x-content-type-options":"nosniff","alt-svc":"h3-29=\":443\"; ma=2592000,h3-T051=\":443\"; ma=2592000,h3-Q050=\":443\"; ma=2592000,h3-Q046=\":443\"; ma=2592000,h3-Q043=\":443\"; ma=2592000,quic=\":443\"; ma=2592000; v=\"46,43\"","accept-ranges":"none","transfer-encoding":"chunked"}
[debug] [2020-12-16T07:38:52.761Z] <<< HTTP RESPONSE 200 {"content-type":"application/json; charset=UTF-8","vary":"X-Origin, Referer, Origin,Accept-Encoding","date":"Wed, 16 Dec 2020 07:38:52 GMT","server":"ESF","cache-control":"private","x-xss-protection":"0","x-frame-options":"SAMEORIGIN","x-content-type-options":"nosniff","alt-svc":"h3-29=\":443\"; ma=2592000,h3-T051=\":443\"; ma=2592000,h3-Q050=\":443\"; ma=2592000,h3-Q046=\":443\"; ma=2592000,h3-Q043=\":443\"; ma=2592000,quic=\":443\"; ma=2592000; v=\"46,43\"","accept-ranges":"none","transfer-encoding":"chunked"}
[info] ✔  functions: required API cloudbuild.googleapis.com is enabled 
[debug] [2020-12-16T07:38:52.804Z] <<< HTTP RESPONSE 200 {"content-type":"application/json; charset=UTF-8","vary":"X-Origin, Referer, Origin,Accept-Encoding","date":"Wed, 16 Dec 2020 07:38:52 GMT","server":"ESF","cache-control":"private","x-xss-protection":"0","x-frame-options":"SAMEORIGIN","x-content-type-options":"nosniff","alt-svc":"h3-29=\":443\"; ma=2592000,h3-T051=\":443\"; ma=2592000,h3-Q050=\":443\"; ma=2592000,h3-Q046=\":443\"; ma=2592000,h3-Q043=\":443\"; ma=2592000,quic=\":443\"; ma=2592000; v=\"46,43\"","accept-ranges":"none","transfer-encoding":"chunked"}
[info] ✔  functions: required API cloudfunctions.googleapis.com is enabled 
[debug] [2020-12-16T07:38:52.805Z] >>> HTTP REQUEST GET https://firebase.googleapis.com/v1beta1/projects/budget-app-89e6d/adminSdkConfig  
 
[debug] [2020-12-16T07:38:53.023Z] <<< HTTP RESPONSE 200 {"content-type":"application/json; charset=UTF-8","vary":"X-Origin, Referer, Origin,Accept-Encoding","date":"Wed, 16 Dec 2020 07:38:53 GMT","server":"ESF","cache-control":"private","x-xss-protection":"0","x-frame-options":"SAMEORIGIN","x-content-type-options":"nosniff","alt-svc":"h3-29=\":443\"; ma=2592000,h3-T051=\":443\"; ma=2592000,h3-Q050=\":443\"; ma=2592000,h3-Q046=\":443\"; ma=2592000,h3-Q043=\":443\"; ma=2592000,quic=\":443\"; ma=2592000; v=\"46,43\"","accept-ranges":"none","transfer-encoding":"chunked"}
[info] i  functions: preparing functions directory for uploading... 
[debug] [2020-12-16T07:38:53.025Z] >>> HTTP REQUEST GET https://runtimeconfig.googleapis.com/v1beta1/projects/budget-app-89e6d/configs  
 
[debug] [2020-12-16T07:38:54.106Z] <<< HTTP RESPONSE 200 {"content-type":"application/json; charset=UTF-8","vary":"X-Origin, Referer, Origin,Accept-Encoding","date":"Wed, 16 Dec 2020 07:38:53 GMT","server":"ESF","cache-control":"private","x-xss-protection":"0","x-frame-options":"SAMEORIGIN","x-content-type-options":"nosniff","alt-svc":"h3-29=\":443\"; ma=2592000,h3-T051=\":443\"; ma=2592000,h3-Q050=\":443\"; ma=2592000,h3-Q046=\":443\"; ma=2592000,h3-Q043=\":443\"; ma=2592000,quic=\":443\"; ma=2592000; v=\"46,43\"","accept-ranges":"none","transfer-encoding":"chunked"}
[info] i  functions: packaged functions (36.92 KB) for uploading 
[debug] [2020-12-16T07:38:54.263Z] >>> HTTP REQUEST GET https://cloudfunctions.googleapis.com/v1/projects/budget-app-89e6d/locations/-/functions  
 
[debug] [2020-12-16T07:38:54.713Z] <<< HTTP RESPONSE 200 {"content-type":"application/json; charset=UTF-8","vary":"X-Origin, Referer, Origin,Accept-Encoding","date":"Wed, 16 Dec 2020 07:38:54 GMT","server":"ESF","cache-control":"private","x-xss-protection":"0","x-frame-options":"SAMEORIGIN","x-content-type-options":"nosniff","alt-svc":"h3-29=\":443\"; ma=2592000,h3-T051=\":443\"; ma=2592000,h3-Q050=\":443\"; ma=2592000,h3-Q046=\":443\"; ma=2592000,h3-Q043=\":443\"; ma=2592000,quic=\":443\"; ma=2592000; v=\"46,43\"","accept-ranges":"none","transfer-encoding":"chunked"}
[debug] [2020-12-16T07:38:54.717Z] >>> HTTP REQUEST POST https://cloudfunctions.googleapis.com/v1/projects/budget-app-89e6d/locations/us-central1/functions:generateUploadUrl  
 
[debug] [2020-12-16T07:38:55.335Z] <<< HTTP RESPONSE 200 {"content-type":"application/json; charset=UTF-8","vary":"X-Origin, Referer, Origin,Accept-Encoding","date":"Wed, 16 Dec 2020 07:38:55 GMT","server":"ESF","cache-control":"private","x-xss-protection":"0","x-frame-options":"SAMEORIGIN","x-content-type-options":"nosniff","alt-svc":"h3-29=\":443\"; ma=2592000,h3-T051=\":443\"; ma=2592000,h3-Q050=\":443\"; ma=2592000,h3-Q046=\":443\"; ma=2592000,h3-Q043=\":443\"; ma=2592000,quic=\":443\"; ma=2592000; v=\"46,43\"","accept-ranges":"none","transfer-encoding":"chunked"}
[debug] [2020-12-16T07:38:55.336Z] >>> HTTP REQUEST PUT https://storage.googleapis.com/gcf-upload-us-central1-25eb394a-2649-4a72-b75a-573a9124cfed/ebbc8d04-a38f-4631-afee-13f3c73d118f.zip?GoogleAccessId=service-1037165621114@gcf-admin-robot.iam.gserviceaccount.com&Expires=1608106135&Signature=oIMzYGLp7GBlwaACgBuTSCCylTb3ZR0q0U6KJix0FE4izgriRTRZwr%2FxAUZ6Bqz7V%2F4%2FDy0%2FkN7uogELcTeluphf1FZoJ%2B9ptwA4eJSPbY0%2BNxjIeU2xVm%2BmTQRAGxP4z5b7pemBzdIHd979XN4ghbkSaA10%2Bkk2iV8%2By91vxjFjrvN1iBcqB57yrDdVz1fAVTmiEc0sBkM4JM93Bod8tofoCDFlE%2FL03VI5VyFh%2FGBFLeYC3izOl2bd3ML36XKVnP0ryLW5VW6q2FEeFokRYEc3tayDdZaOQxcsyQXFb5wgRQ0vjX3Y05nBrFbFQ1uaTmFEX0J7AfolQ7WjiFFs5g%3D%3D  
 <request body omitted>
[debug] [2020-12-16T07:38:55.658Z] <<< HTTP RESPONSE 200 {"x-guploader-uploadid":"ABg5-UzyeXEJJ4oiJ7_55HdU3gOutA8ys1YAad37sRuzPu5VkhBIv9JKEFjSjPhNhxiMuhoXawOQIMzJ4GS6G2Aq1E4","etag":"\"6c3d4bc8a31096079e0015ab1523a5eb\"","x-goog-generation":"1608104335617635","x-goog-metageneration":"1","x-goog-hash":"crc32c=KX+a5g==, md5=bD1LyKMQlgeeABWrFSOl6w==","x-goog-stored-content-length":"37809","x-goog-stored-content-encoding":"identity","vary":"Origin","content-length":"0","date":"Wed, 16 Dec 2020 07:38:55 GMT","server":"UploadServer","content-type":"text/html; charset=UTF-8","alt-svc":"h3-29=\":443\"; ma=2592000,h3-T051=\":443\"; ma=2592000,h3-Q050=\":443\"; ma=2592000,h3-Q046=\":443\"; ma=2592000,h3-Q043=\":443\"; ma=2592000,quic=\":443\"; ma=2592000; v=\"46,43\""}
[info] ✔  functions: functions folder uploaded successfully 
[info] i  functions: updating Node.js 12 function saveProfileImg(us-central1)... 
[debug] [2020-12-16T07:38:55.663Z] Trigger is:  {"httpsTrigger":{}}
[debug] [2020-12-16T07:38:55.665Z] >>> HTTP REQUEST PATCH https://cloudfunctions.googleapis.com/v1/projects/budget-app-89e6d/locations/us-central1/functions/saveProfileImg {"updateMask":"sourceUploadUrl,name,labels,runtime,environmentVariables,httpsTrigger"} 
 {"sourceUploadUrl":"https://storage.googleapis.com/gcf-upload-us-central1-25eb394a-2649-4a72-b75a-573a9124cfed/ebbc8d04-a38f-4631-afee-13f3c73d118f.zip?GoogleAccessId=service-1037165621114@gcf-admin-robot.iam.gserviceaccount.com&Expires=1608106135&Signature=oIMzYGLp7GBlwaACgBuTSCCylTb3ZR0q0U6KJix0FE4izgriRTRZwr%2FxAUZ6Bqz7V%2F4%2FDy0%2FkN7uogELcTeluphf1FZoJ%2B9ptwA4eJSPbY0%2BNxjIeU2xVm%2BmTQRAGxP4z5b7pemBzdIHd979XN4ghbkSaA10%2Bkk2iV8%2By91vxjFjrvN1iBcqB57yrDdVz1fAVTmiEc0sBkM4JM93Bod8tofoCDFlE%2FL03VI5VyFh%2FGBFLeYC3izOl2bd3ML36XKVnP0ryLW5VW6q2FEeFokRYEc3tayDdZaOQxcsyQXFb5wgRQ0vjX3Y05nBrFbFQ1uaTmFEX0J7AfolQ7WjiFFs5g%3D%3D","name":"projects/budget-app-89e6d/locations/us-central1/functions/saveProfileImg","labels":{"deployment-tool":"cli-firebase","deployment-callable":"true"},"httpsTrigger":{},"runtime":"nodejs12","environmentVariables":{"FIREBASE_CONFIG":"{\"projectId\":\"budget-app-89e6d\",\"storageBucket\":\"budget-app-89e6d.appspot.com\",\"locationId\":\"us-central\"}"}}
[debug] [2020-12-16T07:38:56.058Z] <<< HTTP RESPONSE 200 {"content-type":"application/json; charset=UTF-8","vary":"X-Origin, Referer, Origin,Accept-Encoding","date":"Wed, 16 Dec 2020 07:38:56 GMT","server":"ESF","cache-control":"private","x-xss-protection":"0","x-frame-options":"SAMEORIGIN","x-content-type-options":"nosniff","alt-svc":"h3-29=\":443\"; ma=2592000,h3-T051=\":443\"; ma=2592000,h3-Q050=\":443\"; ma=2592000,h3-Q046=\":443\"; ma=2592000,h3-Q043=\":443\"; ma=2592000,quic=\":443\"; ma=2592000; v=\"46,43\"","accept-ranges":"none","transfer-encoding":"chunked"}
[debug] [2020-12-16T07:38:56.060Z] >>> HTTP REQUEST GET https://cloudfunctions.googleapis.com/v1/projects/budget-app-89e6d/locations/-/functions  
 
[debug] [2020-12-16T07:38:56.482Z] <<< HTTP RESPONSE 200 {"content-type":"application/json; charset=UTF-8","vary":"X-Origin, Referer, Origin,Accept-Encoding","date":"Wed, 16 Dec 2020 07:38:56 GMT","server":"ESF","cache-control":"private","x-xss-protection":"0","x-frame-options":"SAMEORIGIN","x-content-type-options":"nosniff","alt-svc":"h3-29=\":443\"; ma=2592000,h3-T051=\":443\"; ma=2592000,h3-Q050=\":443\"; ma=2592000,h3-Q046=\":443\"; ma=2592000,h3-Q043=\":443\"; ma=2592000,quic=\":443\"; ma=2592000; v=\"46,43\"","accept-ranges":"none","transfer-encoding":"chunked"}
[debug] [2020-12-16T07:38:56.483Z] >>> HTTP REQUEST GET https://cloudfunctions.googleapis.com/v1/operations/YnVkZ2V0LWFwcC04OWU2ZC91cy1jZW50cmFsMS9zYXZlUHJvZmlsZUltZy9LcWpzcnBBWEhSYw  
 
[debug] [2020-12-16T07:38:56.713Z] <<< HTTP RESPONSE 200 {"content-type":"application/json; charset=UTF-8","vary":"X-Origin, Referer, Origin,Accept-Encoding","date":"Wed, 16 Dec 2020 07:38:56 GMT","server":"ESF","cache-control":"private","x-xss-protection":"0","x-frame-options":"SAMEORIGIN","x-content-type-options":"nosniff","alt-svc":"h3-29=\":443\"; ma=2592000,h3-T051=\":443\"; ma=2592000,h3-Q050=\":443\"; ma=2592000,h3-Q046=\":443\"; ma=2592000,h3-Q043=\":443\"; ma=2592000,quic=\":443\"; ma=2592000; v=\"46,43\"","accept-ranges":"none","transfer-encoding":"chunked"}
[debug] [2020-12-16T07:38:58.719Z] >>> HTTP REQUEST GET https://cloudfunctions.googleapis.com/v1/operations/YnVkZ2V0LWFwcC04OWU2ZC91cy1jZW50cmFsMS9zYXZlUHJvZmlsZUltZy9LcWpzcnBBWEhSYw  
 
[debug] [2020-12-16T07:38:58.899Z] <<< HTTP RESPONSE 200 {"content-type":"application/json; charset=UTF-8","vary":"X-Origin, Referer, Origin,Accept-Encoding","date":"Wed, 16 Dec 2020 07:38:58 GMT","server":"ESF","cache-control":"private","x-xss-protection":"0","x-frame-options":"SAMEORIGIN","x-content-type-options":"nosniff","alt-svc":"h3-29=\":443\"; ma=2592000,h3-T051=\":443\"; ma=2592000,h3-Q050=\":443\"; ma=2592000,h3-Q046=\":443\"; ma=2592000,h3-Q043=\":443\"; ma=2592000,quic=\":443\"; ma=2592000; v=\"46,43\"","accept-ranges":"none","transfer-encoding":"chunked"}
[debug] [2020-12-16T07:39:00.903Z] >>> HTTP REQUEST GET https://cloudfunctions.googleapis.com/v1/operations/YnVkZ2V0LWFwcC04OWU2ZC91cy1jZW50cmFsMS9zYXZlUHJvZmlsZUltZy9LcWpzcnBBWEhSYw  
 
[debug] [2020-12-16T07:39:01.101Z] <<< HTTP RESPONSE 200 {"content-type":"application/json; charset=UTF-8","vary":"X-Origin, Referer, Origin,Accept-Encoding","date":"Wed, 16 Dec 2020 07:39:01 GMT","server":"ESF","cache-control":"private","x-xss-protection":"0","x-frame-options":"SAMEORIGIN","x-content-type-options":"nosniff","alt-svc":"h3-29=\":443\"; ma=2592000,h3-T051=\":443\"; ma=2592000,h3-Q050=\":443\"; ma=2592000,h3-Q046=\":443\"; ma=2592000,h3-Q043=\":443\"; ma=2592000,quic=\":443\"; ma=2592000; v=\"46,43\"","accept-ranges":"none","transfer-encoding":"chunked"}
[debug] [2020-12-16T07:39:03.102Z] >>> HTTP REQUEST GET https://cloudfunctions.googleapis.com/v1/operations/YnVkZ2V0LWFwcC04OWU2ZC91cy1jZW50cmFsMS9zYXZlUHJvZmlsZUltZy9LcWpzcnBBWEhSYw  
 
[debug] [2020-12-16T07:39:03.377Z] <<< HTTP RESPONSE 200 {"content-type":"application/json; charset=UTF-8","vary":"X-Origin, Referer, Origin,Accept-Encoding","date":"Wed, 16 Dec 2020 07:39:03 GMT","server":"ESF","cache-control":"private","x-xss-protection":"0","x-frame-options":"SAMEORIGIN","x-content-type-options":"nosniff","alt-svc":"h3-29=\":443\"; ma=2592000,h3-T051=\":443\"; ma=2592000,h3-Q050=\":443\"; ma=2592000,h3-Q046=\":443\"; ma=2592000,h3-Q043=\":443\"; ma=2592000,quic=\":443\"; ma=2592000; v=\"46,43\"","accept-ranges":"none","transfer-encoding":"chunked"}
[debug] [2020-12-16T07:39:05.378Z] >>> HTTP REQUEST GET https://cloudfunctions.googleapis.com/v1/operations/YnVkZ2V0LWFwcC04OWU2ZC91cy1jZW50cmFsMS9zYXZlUHJvZmlsZUltZy9LcWpzcnBBWEhSYw  
 
[debug] [2020-12-16T07:39:05.577Z] <<< HTTP RESPONSE 200 {"content-type":"application/json; charset=UTF-8","vary":"X-Origin, Referer, Origin,Accept-Encoding","date":"Wed, 16 Dec 2020 07:39:05 GMT","server":"ESF","cache-control":"private","x-xss-protection":"0","x-frame-options":"SAMEORIGIN","x-content-type-options":"nosniff","alt-svc":"h3-29=\":443\"; ma=2592000,h3-T051=\":443\"; ma=2592000,h3-Q050=\":443\"; ma=2592000,h3-Q046=\":443\"; ma=2592000,h3-Q043=\":443\"; ma=2592000,quic=\":443\"; ma=2592000; v=\"46,43\"","accept-ranges":"none","transfer-encoding":"chunked"}
[debug] [2020-12-16T07:39:07.580Z] >>> HTTP REQUEST GET https://cloudfunctions.googleapis.com/v1/operations/YnVkZ2V0LWFwcC04OWU2ZC91cy1jZW50cmFsMS9zYXZlUHJvZmlsZUltZy9LcWpzcnBBWEhSYw  
 
[debug] [2020-12-16T07:39:07.786Z] <<< HTTP RESPONSE 200 {"content-type":"application/json; charset=UTF-8","vary":"X-Origin, Referer, Origin,Accept-Encoding","date":"Wed, 16 Dec 2020 07:39:07 GMT","server":"ESF","cache-control":"private","x-xss-protection":"0","x-frame-options":"SAMEORIGIN","x-content-type-options":"nosniff","alt-svc":"h3-29=\":443\"; ma=2592000,h3-T051=\":443\"; ma=2592000,h3-Q050=\":443\"; ma=2592000,h3-Q046=\":443\"; ma=2592000,h3-Q043=\":443\"; ma=2592000,quic=\":443\"; ma=2592000; v=\"46,43\"","accept-ranges":"none","transfer-encoding":"chunked"}
[debug] [2020-12-16T07:39:09.786Z] >>> HTTP REQUEST GET https://cloudfunctions.googleapis.com/v1/operations/YnVkZ2V0LWFwcC04OWU2ZC91cy1jZW50cmFsMS9zYXZlUHJvZmlsZUltZy9LcWpzcnBBWEhSYw  
 
[debug] [2020-12-16T07:39:09.997Z] <<< HTTP RESPONSE 200 {"content-type":"application/json; charset=UTF-8","vary":"X-Origin, Referer, Origin,Accept-Encoding","date":"Wed, 16 Dec 2020 07:39:09 GMT","server":"ESF","cache-control":"private","x-xss-protection":"0","x-frame-options":"SAMEORIGIN","x-content-type-options":"nosniff","alt-svc":"h3-29=\":443\"; ma=2592000,h3-T051=\":443\"; ma=2592000,h3-Q050=\":443\"; ma=2592000,h3-Q046=\":443\"; ma=2592000,h3-Q043=\":443\"; ma=2592000,quic=\":443\"; ma=2592000; v=\"46,43\"","accept-ranges":"none","transfer-encoding":"chunked"}
[debug] [2020-12-16T07:39:12.000Z] >>> HTTP REQUEST GET https://cloudfunctions.googleapis.com/v1/operations/YnVkZ2V0LWFwcC04OWU2ZC91cy1jZW50cmFsMS9zYXZlUHJvZmlsZUltZy9LcWpzcnBBWEhSYw  
 
[debug] [2020-12-16T07:39:12.194Z] <<< HTTP RESPONSE 200 {"content-type":"application/json; charset=UTF-8","vary":"X-Origin, Referer, Origin,Accept-Encoding","date":"Wed, 16 Dec 2020 07:39:12 GMT","server":"ESF","cache-control":"private","x-xss-protection":"0","x-frame-options":"SAMEORIGIN","x-content-type-options":"nosniff","alt-svc":"h3-29=\":443\"; ma=2592000,h3-T051=\":443\"; ma=2592000,h3-Q050=\":443\"; ma=2592000,h3-Q046=\":443\"; ma=2592000,h3-Q043=\":443\"; ma=2592000,quic=\":443\"; ma=2592000; v=\"46,43\"","accept-ranges":"none","transfer-encoding":"chunked"}
[debug] [2020-12-16T07:39:14.195Z] >>> HTTP REQUEST GET https://cloudfunctions.googleapis.com/v1/operations/YnVkZ2V0LWFwcC04OWU2ZC91cy1jZW50cmFsMS9zYXZlUHJvZmlsZUltZy9LcWpzcnBBWEhSYw  
 
[debug] [2020-12-16T07:39:14.399Z] <<< HTTP RESPONSE 200 {"content-type":"application/json; charset=UTF-8","vary":"X-Origin, Referer, Origin,Accept-Encoding","date":"Wed, 16 Dec 2020 07:39:14 GMT","server":"ESF","cache-control":"private","x-xss-protection":"0","x-frame-options":"SAMEORIGIN","x-content-type-options":"nosniff","alt-svc":"h3-29=\":443\"; ma=2592000,h3-T051=\":443\"; ma=2592000,h3-Q050=\":443\"; ma=2592000,h3-Q046=\":443\"; ma=2592000,h3-Q043=\":443\"; ma=2592000,quic=\":443\"; ma=2592000; v=\"46,43\"","accept-ranges":"none","transfer-encoding":"chunked"}
[debug] [2020-12-16T07:39:16.404Z] >>> HTTP REQUEST GET https://cloudfunctions.googleapis.com/v1/operations/YnVkZ2V0LWFwcC04OWU2ZC91cy1jZW50cmFsMS9zYXZlUHJvZmlsZUltZy9LcWpzcnBBWEhSYw  
 
[debug] [2020-12-16T07:39:16.591Z] <<< HTTP RESPONSE 200 {"content-type":"application/json; charset=UTF-8","vary":"X-Origin, Referer, Origin,Accept-Encoding","date":"Wed, 16 Dec 2020 07:39:16 GMT","server":"ESF","cache-control":"private","x-xss-protection":"0","x-frame-options":"SAMEORIGIN","x-content-type-options":"nosniff","alt-svc":"h3-29=\":443\"; ma=2592000,h3-T051=\":443\"; ma=2592000,h3-Q050=\":443\"; ma=2592000,h3-Q046=\":443\"; ma=2592000,h3-Q043=\":443\"; ma=2592000,quic=\":443\"; ma=2592000; v=\"46,43\"","accept-ranges":"none","transfer-encoding":"chunked"}
[debug] [2020-12-16T07:39:18.594Z] >>> HTTP REQUEST GET https://cloudfunctions.googleapis.com/v1/operations/YnVkZ2V0LWFwcC04OWU2ZC91cy1jZW50cmFsMS9zYXZlUHJvZmlsZUltZy9LcWpzcnBBWEhSYw  
 
[debug] [2020-12-16T07:39:18.784Z] <<< HTTP RESPONSE 200 {"content-type":"application/json; charset=UTF-8","vary":"X-Origin, Referer, Origin,Accept-Encoding","date":"Wed, 16 Dec 2020 07:39:18 GMT","server":"ESF","cache-control":"private","x-xss-protection":"0","x-frame-options":"SAMEORIGIN","x-content-type-options":"nosniff","alt-svc":"h3-29=\":443\"; ma=2592000,h3-T051=\":443\"; ma=2592000,h3-Q050=\":443\"; ma=2592000,h3-Q046=\":443\"; ma=2592000,h3-Q043=\":443\"; ma=2592000,quic=\":443\"; ma=2592000; v=\"46,43\"","accept-ranges":"none","transfer-encoding":"chunked"}
[debug] [2020-12-16T07:39:20.787Z] >>> HTTP REQUEST GET https://cloudfunctions.googleapis.com/v1/operations/YnVkZ2V0LWFwcC04OWU2ZC91cy1jZW50cmFsMS9zYXZlUHJvZmlsZUltZy9LcWpzcnBBWEhSYw  
 
[debug] [2020-12-16T07:39:21.009Z] <<< HTTP RESPONSE 200 {"content-type":"application/json; charset=UTF-8","vary":"X-Origin, Referer, Origin,Accept-Encoding","date":"Wed, 16 Dec 2020 07:39:20 GMT","server":"ESF","cache-control":"private","x-xss-protection":"0","x-frame-options":"SAMEORIGIN","x-content-type-options":"nosniff","alt-svc":"h3-29=\":443\"; ma=2592000,h3-T051=\":443\"; ma=2592000,h3-Q050=\":443\"; ma=2592000,h3-Q046=\":443\"; ma=2592000,h3-Q043=\":443\"; ma=2592000,quic=\":443\"; ma=2592000; v=\"46,43\"","accept-ranges":"none","transfer-encoding":"chunked"}
[debug] [2020-12-16T07:39:23.011Z] >>> HTTP REQUEST GET https://cloudfunctions.googleapis.com/v1/operations/YnVkZ2V0LWFwcC04OWU2ZC91cy1jZW50cmFsMS9zYXZlUHJvZmlsZUltZy9LcWpzcnBBWEhSYw  
 
[debug] [2020-12-16T07:39:23.212Z] <<< HTTP RESPONSE 200 {"content-type":"application/json; charset=UTF-8","vary":"X-Origin, Referer, Origin,Accept-Encoding","date":"Wed, 16 Dec 2020 07:39:23 GMT","server":"ESF","cache-control":"private","x-xss-protection":"0","x-frame-options":"SAMEORIGIN","x-content-type-options":"nosniff","alt-svc":"h3-29=\":443\"; ma=2592000,h3-T051=\":443\"; ma=2592000,h3-Q050=\":443\"; ma=2592000,h3-Q046=\":443\"; ma=2592000,h3-Q043=\":443\"; ma=2592000,quic=\":443\"; ma=2592000; v=\"46,43\"","accept-ranges":"none","transfer-encoding":"chunked"}
[debug] [2020-12-16T07:39:25.219Z] >>> HTTP REQUEST GET https://cloudfunctions.googleapis.com/v1/operations/YnVkZ2V0LWFwcC04OWU2ZC91cy1jZW50cmFsMS9zYXZlUHJvZmlsZUltZy9LcWpzcnBBWEhSYw  
 
[debug] [2020-12-16T07:39:25.405Z] <<< HTTP RESPONSE 200 {"content-type":"application/json; charset=UTF-8","vary":"X-Origin, Referer, Origin,Accept-Encoding","date":"Wed, 16 Dec 2020 07:39:25 GMT","server":"ESF","cache-control":"private","x-xss-protection":"0","x-frame-options":"SAMEORIGIN","x-content-type-options":"nosniff","alt-svc":"h3-29=\":443\"; ma=2592000,h3-T051=\":443\"; ma=2592000,h3-Q050=\":443\"; ma=2592000,h3-Q046=\":443\"; ma=2592000,h3-Q043=\":443\"; ma=2592000,quic=\":443\"; ma=2592000; v=\"46,43\"","accept-ranges":"none","transfer-encoding":"chunked"}
[debug] [2020-12-16T07:39:27.410Z] >>> HTTP REQUEST GET https://cloudfunctions.googleapis.com/v1/operations/YnVkZ2V0LWFwcC04OWU2ZC91cy1jZW50cmFsMS9zYXZlUHJvZmlsZUltZy9LcWpzcnBBWEhSYw  
 
[debug] [2020-12-16T07:39:27.631Z] <<< HTTP RESPONSE 200 {"content-type":"application/json; charset=UTF-8","vary":"X-Origin, Referer, Origin,Accept-Encoding","date":"Wed, 16 Dec 2020 07:39:27 GMT","server":"ESF","cache-control":"private","x-xss-protection":"0","x-frame-options":"SAMEORIGIN","x-content-type-options":"nosniff","alt-svc":"h3-29=\":443\"; ma=2592000,h3-T051=\":443\"; ma=2592000,h3-Q050=\":443\"; ma=2592000,h3-Q046=\":443\"; ma=2592000,h3-Q043=\":443\"; ma=2592000,quic=\":443\"; ma=2592000; v=\"46,43\"","accept-ranges":"none","transfer-encoding":"chunked"}
[debug] [2020-12-16T07:39:29.635Z] >>> HTTP REQUEST GET https://cloudfunctions.googleapis.com/v1/operations/YnVkZ2V0LWFwcC04OWU2ZC91cy1jZW50cmFsMS9zYXZlUHJvZmlsZUltZy9LcWpzcnBBWEhSYw  
 
[debug] [2020-12-16T07:39:29.834Z] <<< HTTP RESPONSE 200 {"content-type":"application/json; charset=UTF-8","vary":"X-Origin, Referer, Origin,Accept-Encoding","date":"Wed, 16 Dec 2020 07:39:29 GMT","server":"ESF","cache-control":"private","x-xss-protection":"0","x-frame-options":"SAMEORIGIN","x-content-type-options":"nosniff","alt-svc":"h3-29=\":443\"; ma=2592000,h3-T051=\":443\"; ma=2592000,h3-Q050=\":443\"; ma=2592000,h3-Q046=\":443\"; ma=2592000,h3-Q043=\":443\"; ma=2592000,quic=\":443\"; ma=2592000; v=\"46,43\"","accept-ranges":"none","transfer-encoding":"chunked"}
[debug] [2020-12-16T07:39:31.836Z] >>> HTTP REQUEST GET https://cloudfunctions.googleapis.com/v1/operations/YnVkZ2V0LWFwcC04OWU2ZC91cy1jZW50cmFsMS9zYXZlUHJvZmlsZUltZy9LcWpzcnBBWEhSYw  
 
[debug] [2020-12-16T07:39:32.037Z] <<< HTTP RESPONSE 200 {"content-type":"application/json; charset=UTF-8","vary":"X-Origin, Referer, Origin,Accept-Encoding","date":"Wed, 16 Dec 2020 07:39:32 GMT","server":"ESF","cache-control":"private","x-xss-protection":"0","x-frame-options":"SAMEORIGIN","x-content-type-options":"nosniff","alt-svc":"h3-29=\":443\"; ma=2592000,h3-T051=\":443\"; ma=2592000,h3-Q050=\":443\"; ma=2592000,h3-Q046=\":443\"; ma=2592000,h3-Q043=\":443\"; ma=2592000,quic=\":443\"; ma=2592000; v=\"46,43\"","accept-ranges":"none","transfer-encoding":"chunked"}
[debug] [2020-12-16T07:39:34.038Z] >>> HTTP REQUEST GET https://cloudfunctions.googleapis.com/v1/operations/YnVkZ2V0LWFwcC04OWU2ZC91cy1jZW50cmFsMS9zYXZlUHJvZmlsZUltZy9LcWpzcnBBWEhSYw  
 
[debug] [2020-12-16T07:39:34.248Z] <<< HTTP RESPONSE 200 {"content-type":"application/json; charset=UTF-8","vary":"X-Origin, Referer, Origin,Accept-Encoding","date":"Wed, 16 Dec 2020 07:39:34 GMT","server":"ESF","cache-control":"private","x-xss-protection":"0","x-frame-options":"SAMEORIGIN","x-content-type-options":"nosniff","alt-svc":"h3-29=\":443\"; ma=2592000,h3-T051=\":443\"; ma=2592000,h3-Q050=\":443\"; ma=2592000,h3-Q046=\":443\"; ma=2592000,h3-Q043=\":443\"; ma=2592000,quic=\":443\"; ma=2592000; v=\"46,43\"","accept-ranges":"none","transfer-encoding":"chunked"}
[debug] [2020-12-16T07:39:36.254Z] >>> HTTP REQUEST GET https://cloudfunctions.googleapis.com/v1/operations/YnVkZ2V0LWFwcC04OWU2ZC91cy1jZW50cmFsMS9zYXZlUHJvZmlsZUltZy9LcWpzcnBBWEhSYw  
 
[debug] [2020-12-16T07:39:36.436Z] <<< HTTP RESPONSE 200 {"content-type":"application/json; charset=UTF-8","vary":"X-Origin, Referer, Origin,Accept-Encoding","date":"Wed, 16 Dec 2020 07:39:36 GMT","server":"ESF","cache-control":"private","x-xss-protection":"0","x-frame-options":"SAMEORIGIN","x-content-type-options":"nosniff","alt-svc":"h3-29=\":443\"; ma=2592000,h3-T051=\":443\"; ma=2592000,h3-Q050=\":443\"; ma=2592000,h3-Q046=\":443\"; ma=2592000,h3-Q043=\":443\"; ma=2592000,quic=\":443\"; ma=2592000; v=\"46,43\"","accept-ranges":"none","transfer-encoding":"chunked"}
[debug] [2020-12-16T07:39:38.437Z] >>> HTTP REQUEST GET https://cloudfunctions.googleapis.com/v1/operations/YnVkZ2V0LWFwcC04OWU2ZC91cy1jZW50cmFsMS9zYXZlUHJvZmlsZUltZy9LcWpzcnBBWEhSYw  
 
[debug] [2020-12-16T07:39:38.632Z] <<< HTTP RESPONSE 200 {"content-type":"application/json; charset=UTF-8","vary":"X-Origin, Referer, Origin,Accept-Encoding","date":"Wed, 16 Dec 2020 07:39:38 GMT","server":"ESF","cache-control":"private","x-xss-protection":"0","x-frame-options":"SAMEORIGIN","x-content-type-options":"nosniff","alt-svc":"h3-29=\":443\"; ma=2592000,h3-T051=\":443\"; ma=2592000,h3-Q050=\":443\"; ma=2592000,h3-Q046=\":443\"; ma=2592000,h3-Q043=\":443\"; ma=2592000,quic=\":443\"; ma=2592000; v=\"46,43\"","accept-ranges":"none","transfer-encoding":"chunked"}
[debug] [2020-12-16T07:39:40.634Z] >>> HTTP REQUEST GET https://cloudfunctions.googleapis.com/v1/operations/YnVkZ2V0LWFwcC04OWU2ZC91cy1jZW50cmFsMS9zYXZlUHJvZmlsZUltZy9LcWpzcnBBWEhSYw  
 
[debug] [2020-12-16T07:39:40.829Z] <<< HTTP RESPONSE 200 {"content-type":"application/json; charset=UTF-8","vary":"X-Origin, Referer, Origin,Accept-Encoding","date":"Wed, 16 Dec 2020 07:39:40 GMT","server":"ESF","cache-control":"private","x-xss-protection":"0","x-frame-options":"SAMEORIGIN","x-content-type-options":"nosniff","alt-svc":"h3-29=\":443\"; ma=2592000,h3-T051=\":443\"; ma=2592000,h3-Q050=\":443\"; ma=2592000,h3-Q046=\":443\"; ma=2592000,h3-Q043=\":443\"; ma=2592000,quic=\":443\"; ma=2592000; v=\"46,43\"","accept-ranges":"none","transfer-encoding":"chunked"}
[debug] [2020-12-16T07:39:42.832Z] >>> HTTP REQUEST GET https://cloudfunctions.googleapis.com/v1/operations/YnVkZ2V0LWFwcC04OWU2ZC91cy1jZW50cmFsMS9zYXZlUHJvZmlsZUltZy9LcWpzcnBBWEhSYw  
 
[debug] [2020-12-16T07:39:43.037Z] <<< HTTP RESPONSE 200 {"content-type":"application/json; charset=UTF-8","vary":"X-Origin, Referer, Origin,Accept-Encoding","date":"Wed, 16 Dec 2020 07:39:43 GMT","server":"ESF","cache-control":"private","x-xss-protection":"0","x-frame-options":"SAMEORIGIN","x-content-type-options":"nosniff","alt-svc":"h3-29=\":443\"; ma=2592000,h3-T051=\":443\"; ma=2592000,h3-Q050=\":443\"; ma=2592000,h3-Q046=\":443\"; ma=2592000,h3-Q043=\":443\"; ma=2592000,quic=\":443\"; ma=2592000; v=\"46,43\"","accept-ranges":"none","transfer-encoding":"chunked"}
[debug] [2020-12-16T07:39:45.038Z] >>> HTTP REQUEST GET https://cloudfunctions.googleapis.com/v1/operations/YnVkZ2V0LWFwcC04OWU2ZC91cy1jZW50cmFsMS9zYXZlUHJvZmlsZUltZy9LcWpzcnBBWEhSYw  
 
[debug] [2020-12-16T07:39:45.263Z] <<< HTTP RESPONSE 200 {"content-type":"application/json; charset=UTF-8","vary":"X-Origin, Referer, Origin,Accept-Encoding","date":"Wed, 16 Dec 2020 07:39:45 GMT","server":"ESF","cache-control":"private","x-xss-protection":"0","x-frame-options":"SAMEORIGIN","x-content-type-options":"nosniff","alt-svc":"h3-29=\":443\"; ma=2592000,h3-T051=\":443\"; ma=2592000,h3-Q050=\":443\"; ma=2592000,h3-Q046=\":443\"; ma=2592000,h3-Q043=\":443\"; ma=2592000,quic=\":443\"; ma=2592000; v=\"46,43\"","accept-ranges":"none","transfer-encoding":"chunked"}
[debug] [2020-12-16T07:39:47.267Z] >>> HTTP REQUEST GET https://cloudfunctions.googleapis.com/v1/operations/YnVkZ2V0LWFwcC04OWU2ZC91cy1jZW50cmFsMS9zYXZlUHJvZmlsZUltZy9LcWpzcnBBWEhSYw  
 
[debug] [2020-12-16T07:39:47.493Z] <<< HTTP RESPONSE 200 {"content-type":"application/json; charset=UTF-8","vary":"X-Origin, Referer, Origin,Accept-Encoding","date":"Wed, 16 Dec 2020 07:39:47 GMT","server":"ESF","cache-control":"private","x-xss-protection":"0","x-frame-options":"SAMEORIGIN","x-content-type-options":"nosniff","alt-svc":"h3-29=\":443\"; ma=2592000,h3-T051=\":443\"; ma=2592000,h3-Q050=\":443\"; ma=2592000,h3-Q046=\":443\"; ma=2592000,h3-Q043=\":443\"; ma=2592000,quic=\":443\"; ma=2592000; v=\"46,43\"","accept-ranges":"none","transfer-encoding":"chunked"}
[debug] [2020-12-16T07:39:49.495Z] >>> HTTP REQUEST GET https://cloudfunctions.googleapis.com/v1/operations/YnVkZ2V0LWFwcC04OWU2ZC91cy1jZW50cmFsMS9zYXZlUHJvZmlsZUltZy9LcWpzcnBBWEhSYw  
 
[debug] [2020-12-16T07:39:49.698Z] <<< HTTP RESPONSE 200 {"content-type":"application/json; charset=UTF-8","vary":"X-Origin, Referer, Origin,Accept-Encoding","date":"Wed, 16 Dec 2020 07:39:49 GMT","server":"ESF","cache-control":"private","x-xss-protection":"0","x-frame-options":"SAMEORIGIN","x-content-type-options":"nosniff","alt-svc":"h3-29=\":443\"; ma=2592000,h3-T051=\":443\"; ma=2592000,h3-Q050=\":443\"; ma=2592000,h3-Q046=\":443\"; ma=2592000,h3-Q043=\":443\"; ma=2592000,quic=\":443\"; ma=2592000; v=\"46,43\"","accept-ranges":"none","transfer-encoding":"chunked"}
[debug] [2020-12-16T07:39:51.700Z] >>> HTTP REQUEST GET https://cloudfunctions.googleapis.com/v1/operations/YnVkZ2V0LWFwcC04OWU2ZC91cy1jZW50cmFsMS9zYXZlUHJvZmlsZUltZy9LcWpzcnBBWEhSYw  
 
[debug] [2020-12-16T07:39:51.899Z] <<< HTTP RESPONSE 200 {"content-type":"application/json; charset=UTF-8","vary":"X-Origin, Referer, Origin,Accept-Encoding","date":"Wed, 16 Dec 2020 07:39:51 GMT","server":"ESF","cache-control":"private","x-xss-protection":"0","x-frame-options":"SAMEORIGIN","x-content-type-options":"nosniff","alt-svc":"h3-29=\":443\"; ma=2592000,h3-T051=\":443\"; ma=2592000,h3-Q050=\":443\"; ma=2592000,h3-Q046=\":443\"; ma=2592000,h3-Q043=\":443\"; ma=2592000,quic=\":443\"; ma=2592000; v=\"46,43\"","accept-ranges":"none","transfer-encoding":"chunked"}
[debug] [2020-12-16T07:39:53.904Z] >>> HTTP REQUEST GET https://cloudfunctions.googleapis.com/v1/operations/YnVkZ2V0LWFwcC04OWU2ZC91cy1jZW50cmFsMS9zYXZlUHJvZmlsZUltZy9LcWpzcnBBWEhSYw  
 
[debug] [2020-12-16T07:39:54.090Z] <<< HTTP RESPONSE 200 {"content-type":"application/json; charset=UTF-8","vary":"X-Origin, Referer, Origin,Accept-Encoding","date":"Wed, 16 Dec 2020 07:39:54 GMT","server":"ESF","cache-control":"private","x-xss-protection":"0","x-frame-options":"SAMEORIGIN","x-content-type-options":"nosniff","alt-svc":"h3-29=\":443\"; ma=2592000,h3-T051=\":443\"; ma=2592000,h3-Q050=\":443\"; ma=2592000,h3-Q046=\":443\"; ma=2592000,h3-Q043=\":443\"; ma=2592000,quic=\":443\"; ma=2592000; v=\"46,43\"","accept-ranges":"none","transfer-encoding":"chunked"}
[debug] [2020-12-16T07:39:56.092Z] >>> HTTP REQUEST GET https://cloudfunctions.googleapis.com/v1/operations/YnVkZ2V0LWFwcC04OWU2ZC91cy1jZW50cmFsMS9zYXZlUHJvZmlsZUltZy9LcWpzcnBBWEhSYw  
 
[debug] [2020-12-16T07:39:56.301Z] <<< HTTP RESPONSE 200 {"content-type":"application/json; charset=UTF-8","vary":"X-Origin, Referer, Origin,Accept-Encoding","date":"Wed, 16 Dec 2020 07:39:56 GMT","server":"ESF","cache-control":"private","x-xss-protection":"0","x-frame-options":"SAMEORIGIN","x-content-type-options":"nosniff","alt-svc":"h3-29=\":443\"; ma=2592000,h3-T051=\":443\"; ma=2592000,h3-Q050=\":443\"; ma=2592000,h3-Q046=\":443\"; ma=2592000,h3-Q043=\":443\"; ma=2592000,quic=\":443\"; ma=2592000; v=\"46,43\"","accept-ranges":"none","transfer-encoding":"chunked"}
[debug] [2020-12-16T07:39:58.304Z] >>> HTTP REQUEST GET https://cloudfunctions.googleapis.com/v1/operations/YnVkZ2V0LWFwcC04OWU2ZC91cy1jZW50cmFsMS9zYXZlUHJvZmlsZUltZy9LcWpzcnBBWEhSYw  
 
[debug] [2020-12-16T07:39:58.523Z] <<< HTTP RESPONSE 200 {"content-type":"application/json; charset=UTF-8","vary":"X-Origin, Referer, Origin,Accept-Encoding","date":"Wed, 16 Dec 2020 07:39:58 GMT","server":"ESF","cache-control":"private","x-xss-protection":"0","x-frame-options":"SAMEORIGIN","x-content-type-options":"nosniff","alt-svc":"h3-29=\":443\"; ma=2592000,h3-T051=\":443\"; ma=2592000,h3-Q050=\":443\"; ma=2592000,h3-Q046=\":443\"; ma=2592000,h3-Q043=\":443\"; ma=2592000,quic=\":443\"; ma=2592000; v=\"46,43\"","accept-ranges":"none","transfer-encoding":"chunked"}
[debug] [2020-12-16T07:40:00.523Z] >>> HTTP REQUEST GET https://cloudfunctions.googleapis.com/v1/operations/YnVkZ2V0LWFwcC04OWU2ZC91cy1jZW50cmFsMS9zYXZlUHJvZmlsZUltZy9LcWpzcnBBWEhSYw  
 
[debug] [2020-12-16T07:40:00.872Z] <<< HTTP RESPONSE 200 {"content-type":"application/json; charset=UTF-8","vary":"X-Origin, Referer, Origin,Accept-Encoding","date":"Wed, 16 Dec 2020 07:40:00 GMT","server":"ESF","cache-control":"private","x-xss-protection":"0","x-frame-options":"SAMEORIGIN","x-content-type-options":"nosniff","alt-svc":"h3-29=\":443\"; ma=2592000,h3-T051=\":443\"; ma=2592000,h3-Q050=\":443\"; ma=2592000,h3-Q046=\":443\"; ma=2592000,h3-Q043=\":443\"; ma=2592000,quic=\":443\"; ma=2592000; v=\"46,43\"","accept-ranges":"none","transfer-encoding":"chunked"}
[debug] [2020-12-16T07:40:02.874Z] >>> HTTP REQUEST GET https://cloudfunctions.googleapis.com/v1/operations/YnVkZ2V0LWFwcC04OWU2ZC91cy1jZW50cmFsMS9zYXZlUHJvZmlsZUltZy9LcWpzcnBBWEhSYw  
 
[debug] [2020-12-16T07:40:03.059Z] <<< HTTP RESPONSE 200 {"content-type":"application/json; charset=UTF-8","vary":"X-Origin, Referer, Origin,Accept-Encoding","date":"Wed, 16 Dec 2020 07:40:03 GMT","server":"ESF","cache-control":"private","x-xss-protection":"0","x-frame-options":"SAMEORIGIN","x-content-type-options":"nosniff","alt-svc":"h3-29=\":443\"; ma=2592000,h3-T051=\":443\"; ma=2592000,h3-Q050=\":443\"; ma=2592000,h3-Q046=\":443\"; ma=2592000,h3-Q043=\":443\"; ma=2592000,quic=\":443\"; ma=2592000; v=\"46,43\"","accept-ranges":"none","transfer-encoding":"chunked"}
[debug] [2020-12-16T07:40:05.062Z] >>> HTTP REQUEST GET https://cloudfunctions.googleapis.com/v1/operations/YnVkZ2V0LWFwcC04OWU2ZC91cy1jZW50cmFsMS9zYXZlUHJvZmlsZUltZy9LcWpzcnBBWEhSYw  
 
[debug] [2020-12-16T07:40:05.256Z] <<< HTTP RESPONSE 200 {"content-type":"application/json; charset=UTF-8","vary":"X-Origin, Referer, Origin,Accept-Encoding","date":"Wed, 16 Dec 2020 07:40:05 GMT","server":"ESF","cache-control":"private","x-xss-protection":"0","x-frame-options":"SAMEORIGIN","x-content-type-options":"nosniff","alt-svc":"h3-29=\":443\"; ma=2592000,h3-T051=\":443\"; ma=2592000,h3-Q050=\":443\"; ma=2592000,h3-Q046=\":443\"; ma=2592000,h3-Q043=\":443\"; ma=2592000,quic=\":443\"; ma=2592000; v=\"46,43\"","accept-ranges":"none","transfer-encoding":"chunked"}
[debug] [2020-12-16T07:40:07.260Z] >>> HTTP REQUEST GET https://cloudfunctions.googleapis.com/v1/operations/YnVkZ2V0LWFwcC04OWU2ZC91cy1jZW50cmFsMS9zYXZlUHJvZmlsZUltZy9LcWpzcnBBWEhSYw  
 
[debug] [2020-12-16T07:40:07.486Z] <<< HTTP RESPONSE 200 {"content-type":"application/json; charset=UTF-8","vary":"X-Origin, Referer, Origin,Accept-Encoding","date":"Wed, 16 Dec 2020 07:40:07 GMT","server":"ESF","cache-control":"private","x-xss-protection":"0","x-frame-options":"SAMEORIGIN","x-content-type-options":"nosniff","alt-svc":"h3-29=\":443\"; ma=2592000,h3-T051=\":443\"; ma=2592000,h3-Q050=\":443\"; ma=2592000,h3-Q046=\":443\"; ma=2592000,h3-Q043=\":443\"; ma=2592000,quic=\":443\"; ma=2592000; v=\"46,43\"","accept-ranges":"none","transfer-encoding":"chunked"}
[info] ✔  functions[saveProfileImg(us-central1)]: Successful update operation.  
[debug] [2020-12-16T07:40:07.597Z] TypeError: checkForNode8 is not a function
    at /usr/local/lib/node_modules/firebase-tools/lib/deploy/functions/release.js:413:13
    at processTicksAndRejections (internal/process/task_queues.js:97:5)
[error] 
[error] Error: An unexpected error has occurred.
